2024-03-03 18:51:08.038686: I tensorflow/core/platform/cpu_feature_guard.cc:183] This TensorFlow binary is optimized to use available CPU instructions in performance-critical operations.
To enable the following instructions: SSE3 SSE4.1 SSE4.2 AVX, in other operations, rebuild TensorFlow with the appropriate compiler flags.
2024-03-03 18:51:10.013454: I tensorflow/compiler/xla/stream_executor/cuda/cuda_gpu_executor.cc:1013] successful NUMA node read from SysFS had negative value (-1), but there must be at least one NUMA node, so returning NUMA node zero. See more at https://github.com/torvalds/linux/blob/v6.0/Documentation/ABI/testing/sysfs-bus-pci#L344-L355
2024-03-03 18:51:10.022817: I tensorflow/compiler/xla/stream_executor/cuda/cuda_gpu_executor.cc:1013] successful NUMA node read from SysFS had negative value (-1), but there must be at least one NUMA node, so returning NUMA node zero. See more at https://github.com/torvalds/linux/blob/v6.0/Documentation/ABI/testing/sysfs-bus-pci#L344-L355
2024-03-03 18:51:10.023059: I tensorflow/compiler/xla/stream_executor/cuda/cuda_gpu_executor.cc:1013] successful NUMA node read from SysFS had negative value (-1), but there must be at least one NUMA node, so returning NUMA node zero. See more at https://github.com/torvalds/linux/blob/v6.0/Documentation/ABI/testing/sysfs-bus-pci#L344-L355
Found 525499 files belonging to 21 classes.
2024-03-03 18:51:31.556654: I tensorflow/compiler/xla/stream_executor/cuda/cuda_gpu_executor.cc:1013] successful NUMA node read from SysFS had negative value (-1), but there must be at least one NUMA node, so returning NUMA node zero. See more at https://github.com/torvalds/linux/blob/v6.0/Documentation/ABI/testing/sysfs-bus-pci#L344-L355
2024-03-03 18:51:31.556931: I tensorflow/compiler/xla/stream_executor/cuda/cuda_gpu_executor.cc:1013] successful NUMA node read from SysFS had negative value (-1), but there must be at least one NUMA node, so returning NUMA node zero. See more at https://github.com/torvalds/linux/blob/v6.0/Documentation/ABI/testing/sysfs-bus-pci#L344-L355
2024-03-03 18:51:31.557129: I tensorflow/compiler/xla/stream_executor/cuda/cuda_gpu_executor.cc:1013] successful NUMA node read from SysFS had negative value (-1), but there must be at least one NUMA node, so returning NUMA node zero. See more at https://github.com/torvalds/linux/blob/v6.0/Documentation/ABI/testing/sysfs-bus-pci#L344-L355
2024-03-03 18:51:31.699437: I tensorflow/compiler/xla/stream_executor/cuda/cuda_gpu_executor.cc:1013] successful NUMA node read from SysFS had negative value (-1), but there must be at least one NUMA node, so returning NUMA node zero. See more at https://github.com/torvalds/linux/blob/v6.0/Documentation/ABI/testing/sysfs-bus-pci#L344-L355
2024-03-03 18:51:31.699722: I tensorflow/compiler/xla/stream_executor/cuda/cuda_gpu_executor.cc:1013] successful NUMA node read from SysFS had negative value (-1), but there must be at least one NUMA node, so returning NUMA node zero. See more at https://github.com/torvalds/linux/blob/v6.0/Documentation/ABI/testing/sysfs-bus-pci#L344-L355
2024-03-03 18:51:31.699960: I tensorflow/compiler/xla/stream_executor/cuda/cuda_gpu_executor.cc:1013] successful NUMA node read from SysFS had negative value (-1), but there must be at least one NUMA node, so returning NUMA node zero. See more at https://github.com/torvalds/linux/blob/v6.0/Documentation/ABI/testing/sysfs-bus-pci#L344-L355
2024-03-03 18:51:31.700175: I tensorflow/core/common_runtime/gpu/gpu_device.cc:1638] Created device /job:localhost/replica:0/task:0/device:GPU:0 with 1468 MB memory:  -> device: 0, name: NVIDIA GeForce RTX 3060, pci bus id: 0000:01:00.0, compute capability: 8.6
Found 23973 files belonging to 21 classes.
2024-03-03 18:51:33.127458: I tensorflow/core/common_runtime/executor.cc:1209] [/device:CPU:0] (DEBUG INFO) Executor start aborting (this does not indicate an error and you can ignore this message): INVALID_ARGUMENT: You must feed a value for placeholder tensor 'Placeholder/_0' with dtype string and shape [525499]
	 [[{{node Placeholder/_0}}]]
2024-03-03 18:51:33.127845: I tensorflow/core/common_runtime/executor.cc:1209] [/device:CPU:0] (DEBUG INFO) Executor start aborting (this does not indicate an error and you can ignore this message): INVALID_ARGUMENT: You must feed a value for placeholder tensor 'Placeholder/_4' with dtype int32 and shape [525499]
	 [[{{node Placeholder/_4}}]]
Epoch 1/500
2024-03-03 18:51:35.051767: I tensorflow/compiler/xla/stream_executor/cuda/cuda_dnn.cc:424] Loaded cuDNN version 8901
2024-03-03 18:51:35.627123: I tensorflow/compiler/xla/stream_executor/cuda/cuda_blas.cc:655] TensorFloat-32 will be used for the matrix multiplication. This will only be logged once.
2024-03-03 18:51:35.654209: I tensorflow/compiler/xla/service/service.cc:169] XLA service 0x55a41f2b4aa0 initialized for platform CUDA (this does not guarantee that XLA will be used). Devices:
2024-03-03 18:51:35.654255: I tensorflow/compiler/xla/service/service.cc:177]   StreamExecutor device (0): NVIDIA GeForce RTX 3060, Compute Capability 8.6
2024-03-03 18:51:35.659687: I tensorflow/compiler/mlir/tensorflow/utils/dump_mlir_util.cc:269] disabling MLIR crash reproducer, set env var `MLIR_CRASH_REPRODUCER_DIRECTORY` to enable.
2024-03-03 18:51:35.802176: I ./tensorflow/compiler/jit/device_compiler.h:180] Compiled cluster using XLA!  This line is logged at most once for the lifetime of the process.
2024-03-03 18:58:42.776003: I tensorflow/core/common_runtime/executor.cc:1209] [/device:CPU:0] (DEBUG INFO) Executor start aborting (this does not indicate an error and you can ignore this message): INVALID_ARGUMENT: You must feed a value for placeholder tensor 'Placeholder/_4' with dtype int32 and shape [23973]
	 [[{{node Placeholder/_4}}]]
2024-03-03 18:58:42.776444: I tensorflow/core/common_runtime/executor.cc:1209] [/device:CPU:0] (DEBUG INFO) Executor start aborting (this does not indicate an error and you can ignore this message): INVALID_ARGUMENT: You must feed a value for placeholder tensor 'Placeholder/_4' with dtype int32 and shape [23973]
	 [[{{node Placeholder/_4}}]]
16422/16422 - 442s - loss: 1.2601 - accuracy: 0.6013 - val_loss: 1.1704 - val_accuracy: 0.6089 - 442s/epoch - 27ms/step
Epoch 2/500
16422/16422 - 432s - loss: 0.9428 - accuracy: 0.6968 - val_loss: 0.9496 - val_accuracy: 0.6904 - 432s/epoch - 26ms/step
Epoch 3/500
16422/16422 - 428s - loss: 0.8511 - accuracy: 0.7244 - val_loss: 0.8535 - val_accuracy: 0.7172 - 428s/epoch - 26ms/step
Epoch 4/500
16422/16422 - 427s - loss: 0.7997 - accuracy: 0.7400 - val_loss: 0.8500 - val_accuracy: 0.7264 - 427s/epoch - 26ms/step
Epoch 5/500
16422/16422 - 426s - loss: 0.7654 - accuracy: 0.7501 - val_loss: 0.8984 - val_accuracy: 0.7052 - 426s/epoch - 26ms/step
Epoch 6/500
16422/16422 - 426s - loss: 0.7394 - accuracy: 0.7581 - val_loss: 0.7781 - val_accuracy: 0.7457 - 426s/epoch - 26ms/step
Epoch 7/500
16422/16422 - 427s - loss: 0.7201 - accuracy: 0.7640 - val_loss: 0.7398 - val_accuracy: 0.7598 - 427s/epoch - 26ms/step
Epoch 8/500
16422/16422 - 432s - loss: 0.7047 - accuracy: 0.7688 - val_loss: 0.8194 - val_accuracy: 0.7333 - 432s/epoch - 26ms/step
Epoch 9/500
16422/16422 - 431s - loss: 0.6901 - accuracy: 0.7730 - val_loss: 0.7179 - val_accuracy: 0.7697 - 431s/epoch - 26ms/step
Epoch 10/500
16422/16422 - 427s - loss: 0.6789 - accuracy: 0.7769 - val_loss: 0.7200 - val_accuracy: 0.7669 - 427s/epoch - 26ms/step
Epoch 11/500
16422/16422 - 431s - loss: 0.6670 - accuracy: 0.7803 - val_loss: 0.6951 - val_accuracy: 0.7721 - 431s/epoch - 26ms/step
Epoch 12/500
16422/16422 - 432s - loss: 0.6597 - accuracy: 0.7826 - val_loss: 0.7554 - val_accuracy: 0.7519 - 432s/epoch - 26ms/step
Epoch 13/500
16422/16422 - 427s - loss: 0.6511 - accuracy: 0.7842 - val_loss: 0.6801 - val_accuracy: 0.7777 - 427s/epoch - 26ms/step
Epoch 14/500
16422/16422 - 427s - loss: 0.6442 - accuracy: 0.7876 - val_loss: 0.7031 - val_accuracy: 0.7694 - 427s/epoch - 26ms/step
Epoch 15/500
16422/16422 - 428s - loss: 0.6357 - accuracy: 0.7901 - val_loss: 0.6988 - val_accuracy: 0.7719 - 428s/epoch - 26ms/step
Epoch 16/500
16422/16422 - 432s - loss: 0.6308 - accuracy: 0.7916 - val_loss: 0.6953 - val_accuracy: 0.7765 - 432s/epoch - 26ms/step
Epoch 17/500
16422/16422 - 426s - loss: 0.6270 - accuracy: 0.7926 - val_loss: 0.6975 - val_accuracy: 0.7718 - 426s/epoch - 26ms/step
Epoch 18/500
16422/16422 - 431s - loss: 0.6208 - accuracy: 0.7942 - val_loss: 0.6831 - val_accuracy: 0.7742 - 431s/epoch - 26ms/step
Epoch 19/500
16422/16422 - 427s - loss: 0.6174 - accuracy: 0.7958 - val_loss: 0.6900 - val_accuracy: 0.7754 - 427s/epoch - 26ms/step
Epoch 20/500
16422/16422 - 428s - loss: 0.6143 - accuracy: 0.7964 - val_loss: 0.6804 - val_accuracy: 0.7725 - 428s/epoch - 26ms/step
Epoch 21/500
16422/16422 - 427s - loss: 0.6107 - accuracy: 0.7974 - val_loss: 0.6785 - val_accuracy: 0.7777 - 427s/epoch - 26ms/step
Epoch 22/500
16422/16422 - 433s - loss: 0.6061 - accuracy: 0.7986 - val_loss: 0.6717 - val_accuracy: 0.7791 - 433s/epoch - 26ms/step
Epoch 23/500
16422/16422 - 427s - loss: 0.6035 - accuracy: 0.7998 - val_loss: 0.6592 - val_accuracy: 0.7821 - 427s/epoch - 26ms/step
Epoch 24/500
16422/16422 - 433s - loss: 0.5991 - accuracy: 0.8014 - val_loss: 0.6775 - val_accuracy: 0.7794 - 433s/epoch - 26ms/step
Epoch 25/500
16422/16422 - 434s - loss: 0.5972 - accuracy: 0.8021 - val_loss: 0.7004 - val_accuracy: 0.7707 - 434s/epoch - 26ms/step
Epoch 26/500
16422/16422 - 433s - loss: 0.5930 - accuracy: 0.8030 - val_loss: 0.6812 - val_accuracy: 0.7793 - 433s/epoch - 26ms/step
Epoch 27/500
16422/16422 - 427s - loss: 0.5902 - accuracy: 0.8039 - val_loss: 0.6742 - val_accuracy: 0.7786 - 427s/epoch - 26ms/step
Epoch 28/500
16422/16422 - 432s - loss: 0.5886 - accuracy: 0.8045 - val_loss: 0.6798 - val_accuracy: 0.7793 - 432s/epoch - 26ms/step
Epoch 29/500
16422/16422 - 432s - loss: 0.5863 - accuracy: 0.8052 - val_loss: 0.6733 - val_accuracy: 0.7794 - 432s/epoch - 26ms/step
Epoch 30/500
16422/16422 - 427s - loss: 0.5847 - accuracy: 0.8051 - val_loss: 0.6789 - val_accuracy: 0.7772 - 427s/epoch - 26ms/step
Epoch 31/500
16422/16422 - 428s - loss: 0.5812 - accuracy: 0.8066 - val_loss: 0.6825 - val_accuracy: 0.7740 - 428s/epoch - 26ms/step
Epoch 32/500
16422/16422 - 428s - loss: 0.5809 - accuracy: 0.8068 - val_loss: 0.6804 - val_accuracy: 0.7754 - 428s/epoch - 26ms/step
Epoch 33/500
16422/16422 - 433s - loss: 0.5782 - accuracy: 0.8079 - val_loss: 0.6869 - val_accuracy: 0.7781 - 433s/epoch - 26ms/step
Epoch 34/500
16422/16422 - 427s - loss: 0.5755 - accuracy: 0.8084 - val_loss: 0.6590 - val_accuracy: 0.7857 - 427s/epoch - 26ms/step
Epoch 35/500
16422/16422 - 433s - loss: 0.5724 - accuracy: 0.8095 - val_loss: 0.7090 - val_accuracy: 0.7676 - 433s/epoch - 26ms/step
Epoch 36/500
16422/16422 - 428s - loss: 0.5729 - accuracy: 0.8092 - val_loss: 0.6913 - val_accuracy: 0.7775 - 428s/epoch - 26ms/step
Epoch 37/500
16422/16422 - 431s - loss: 0.5691 - accuracy: 0.8102 - val_loss: 0.6718 - val_accuracy: 0.7856 - 431s/epoch - 26ms/step
Epoch 38/500
16422/16422 - 427s - loss: 0.5696 - accuracy: 0.8099 - val_loss: 0.6730 - val_accuracy: 0.7846 - 427s/epoch - 26ms/step
Epoch 39/500
16422/16422 - 434s - loss: 0.5671 - accuracy: 0.8110 - val_loss: 0.6994 - val_accuracy: 0.7732 - 434s/epoch - 26ms/step
Epoch 40/500
16422/16422 - 429s - loss: 0.5667 - accuracy: 0.8111 - val_loss: 0.6482 - val_accuracy: 0.7905 - 429s/epoch - 26ms/step
Epoch 41/500
16422/16422 - 433s - loss: 0.5641 - accuracy: 0.8118 - val_loss: 0.6691 - val_accuracy: 0.7850 - 433s/epoch - 26ms/step
Epoch 42/500
16422/16422 - 432s - loss: 0.5631 - accuracy: 0.8117 - val_loss: 0.7095 - val_accuracy: 0.7719 - 432s/epoch - 26ms/step
Epoch 43/500
16422/16422 - 427s - loss: 0.5615 - accuracy: 0.8128 - val_loss: 0.7015 - val_accuracy: 0.7730 - 427s/epoch - 26ms/step
Epoch 44/500
16422/16422 - 432s - loss: 0.5606 - accuracy: 0.8126 - val_loss: 0.6802 - val_accuracy: 0.7773 - 432s/epoch - 26ms/step
Epoch 45/500
16422/16422 - 433s - loss: 0.5586 - accuracy: 0.8134 - val_loss: 0.6915 - val_accuracy: 0.7771 - 433s/epoch - 26ms/step
Epoch 46/500
16422/16422 - 429s - loss: 0.5596 - accuracy: 0.8126 - val_loss: 0.6546 - val_accuracy: 0.7900 - 429s/epoch - 26ms/step
Epoch 47/500
16422/16422 - 428s - loss: 0.5559 - accuracy: 0.8139 - val_loss: 0.6761 - val_accuracy: 0.7819 - 428s/epoch - 26ms/step
Epoch 48/500
16422/16422 - 431s - loss: 0.5557 - accuracy: 0.8141 - val_loss: 0.6669 - val_accuracy: 0.7865 - 431s/epoch - 26ms/step
Epoch 49/500
16422/16422 - 428s - loss: 0.5551 - accuracy: 0.8146 - val_loss: 0.6988 - val_accuracy: 0.7739 - 428s/epoch - 26ms/step
Epoch 50/500
16422/16422 - 433s - loss: 0.5542 - accuracy: 0.8144 - val_loss: 0.6724 - val_accuracy: 0.7828 - 433s/epoch - 26ms/step
Epoch 51/500
16422/16422 - 432s - loss: 0.5525 - accuracy: 0.8150 - val_loss: 0.6676 - val_accuracy: 0.7859 - 432s/epoch - 26ms/step
Epoch 52/500
16422/16422 - 427s - loss: 0.5511 - accuracy: 0.8157 - val_loss: 0.7008 - val_accuracy: 0.7732 - 427s/epoch - 26ms/step
Epoch 53/500
16422/16422 - 427s - loss: 0.5502 - accuracy: 0.8153 - val_loss: 0.6777 - val_accuracy: 0.7790 - 427s/epoch - 26ms/step
Epoch 54/500
16422/16422 - 430s - loss: 0.5493 - accuracy: 0.8167 - val_loss: 0.7119 - val_accuracy: 0.7660 - 430s/epoch - 26ms/step
Epoch 55/500
16422/16422 - 428s - loss: 0.5476 - accuracy: 0.8171 - val_loss: 0.6784 - val_accuracy: 0.7819 - 428s/epoch - 26ms/step
Time taken:  23670.913398742676
