Running with input: ABE
2024-03-04 03:24:07.809906: I tensorflow/core/platform/cpu_feature_guard.cc:183] This TensorFlow binary is optimized to use available CPU instructions in performance-critical operations.
To enable the following instructions: SSE3 SSE4.1 SSE4.2 AVX, in other operations, rebuild TensorFlow with the appropriate compiler flags.
2024-03-04 03:24:10.189978: I tensorflow/compiler/xla/stream_executor/cuda/cuda_gpu_executor.cc:1013] successful NUMA node read from SysFS had negative value (-1), but there must be at least one NUMA node, so returning NUMA node zero. See more at https://github.com/torvalds/linux/blob/v6.0/Documentation/ABI/testing/sysfs-bus-pci#L344-L355
2024-03-04 03:24:10.197995: I tensorflow/compiler/xla/stream_executor/cuda/cuda_gpu_executor.cc:1013] successful NUMA node read from SysFS had negative value (-1), but there must be at least one NUMA node, so returning NUMA node zero. See more at https://github.com/torvalds/linux/blob/v6.0/Documentation/ABI/testing/sysfs-bus-pci#L344-L355
2024-03-04 03:24:10.198281: I tensorflow/compiler/xla/stream_executor/cuda/cuda_gpu_executor.cc:1013] successful NUMA node read from SysFS had negative value (-1), but there must be at least one NUMA node, so returning NUMA node zero. See more at https://github.com/torvalds/linux/blob/v6.0/Documentation/ABI/testing/sysfs-bus-pci#L344-L355
2024-03-04 03:24:10.205177: I tensorflow/compiler/xla/stream_executor/cuda/cuda_gpu_executor.cc:1013] successful NUMA node read from SysFS had negative value (-1), but there must be at least one NUMA node, so returning NUMA node zero. See more at https://github.com/torvalds/linux/blob/v6.0/Documentation/ABI/testing/sysfs-bus-pci#L344-L355
2024-03-04 03:24:10.205475: I tensorflow/compiler/xla/stream_executor/cuda/cuda_gpu_executor.cc:1013] successful NUMA node read from SysFS had negative value (-1), but there must be at least one NUMA node, so returning NUMA node zero. See more at https://github.com/torvalds/linux/blob/v6.0/Documentation/ABI/testing/sysfs-bus-pci#L344-L355
2024-03-04 03:24:10.205696: I tensorflow/compiler/xla/stream_executor/cuda/cuda_gpu_executor.cc:1013] successful NUMA node read from SysFS had negative value (-1), but there must be at least one NUMA node, so returning NUMA node zero. See more at https://github.com/torvalds/linux/blob/v6.0/Documentation/ABI/testing/sysfs-bus-pci#L344-L355
2024-03-04 03:24:10.265226: I tensorflow/compiler/xla/stream_executor/cuda/cuda_gpu_executor.cc:1013] successful NUMA node read from SysFS had negative value (-1), but there must be at least one NUMA node, so returning NUMA node zero. See more at https://github.com/torvalds/linux/blob/v6.0/Documentation/ABI/testing/sysfs-bus-pci#L344-L355
2024-03-04 03:24:10.265531: I tensorflow/compiler/xla/stream_executor/cuda/cuda_gpu_executor.cc:1013] successful NUMA node read from SysFS had negative value (-1), but there must be at least one NUMA node, so returning NUMA node zero. See more at https://github.com/torvalds/linux/blob/v6.0/Documentation/ABI/testing/sysfs-bus-pci#L344-L355
2024-03-04 03:24:10.265729: I tensorflow/compiler/xla/stream_executor/cuda/cuda_gpu_executor.cc:1013] successful NUMA node read from SysFS had negative value (-1), but there must be at least one NUMA node, so returning NUMA node zero. See more at https://github.com/torvalds/linux/blob/v6.0/Documentation/ABI/testing/sysfs-bus-pci#L344-L355
2024-03-04 03:24:10.265943: I tensorflow/core/common_runtime/gpu/gpu_device.cc:1638] Created device /job:localhost/replica:0/task:0/device:GPU:0 with 10135 MB memory:  -> device: 0, name: NVIDIA GeForce RTX 3060, pci bus id: 0000:01:00.0, compute capability: 8.6
Enter Class Name To Perturb Images: 2024-03-04 03:24:12.319280: I tensorflow/compiler/xla/stream_executor/cuda/cuda_dnn.cc:424] Loaded cuDNN version 8901
2024-03-04 03:24:13.056256: I tensorflow/compiler/xla/stream_executor/cuda/cuda_blas.cc:655] TensorFloat-32 will be used for the matrix multiplication. This will only be logged once.
Done!
Time taken in seconds:  3.626112222671509
Running with input: ART
2024-03-04 03:24:15.408892: I tensorflow/core/platform/cpu_feature_guard.cc:183] This TensorFlow binary is optimized to use available CPU instructions in performance-critical operations.
To enable the following instructions: SSE3 SSE4.1 SSE4.2 AVX, in other operations, rebuild TensorFlow with the appropriate compiler flags.
2024-03-04 03:24:17.781251: I tensorflow/compiler/xla/stream_executor/cuda/cuda_gpu_executor.cc:1013] successful NUMA node read from SysFS had negative value (-1), but there must be at least one NUMA node, so returning NUMA node zero. See more at https://github.com/torvalds/linux/blob/v6.0/Documentation/ABI/testing/sysfs-bus-pci#L344-L355
2024-03-04 03:24:17.789261: I tensorflow/compiler/xla/stream_executor/cuda/cuda_gpu_executor.cc:1013] successful NUMA node read from SysFS had negative value (-1), but there must be at least one NUMA node, so returning NUMA node zero. See more at https://github.com/torvalds/linux/blob/v6.0/Documentation/ABI/testing/sysfs-bus-pci#L344-L355
2024-03-04 03:24:17.789577: I tensorflow/compiler/xla/stream_executor/cuda/cuda_gpu_executor.cc:1013] successful NUMA node read from SysFS had negative value (-1), but there must be at least one NUMA node, so returning NUMA node zero. See more at https://github.com/torvalds/linux/blob/v6.0/Documentation/ABI/testing/sysfs-bus-pci#L344-L355
2024-03-04 03:24:17.796205: I tensorflow/compiler/xla/stream_executor/cuda/cuda_gpu_executor.cc:1013] successful NUMA node read from SysFS had negative value (-1), but there must be at least one NUMA node, so returning NUMA node zero. See more at https://github.com/torvalds/linux/blob/v6.0/Documentation/ABI/testing/sysfs-bus-pci#L344-L355
2024-03-04 03:24:17.796542: I tensorflow/compiler/xla/stream_executor/cuda/cuda_gpu_executor.cc:1013] successful NUMA node read from SysFS had negative value (-1), but there must be at least one NUMA node, so returning NUMA node zero. See more at https://github.com/torvalds/linux/blob/v6.0/Documentation/ABI/testing/sysfs-bus-pci#L344-L355
2024-03-04 03:24:17.796774: I tensorflow/compiler/xla/stream_executor/cuda/cuda_gpu_executor.cc:1013] successful NUMA node read from SysFS had negative value (-1), but there must be at least one NUMA node, so returning NUMA node zero. See more at https://github.com/torvalds/linux/blob/v6.0/Documentation/ABI/testing/sysfs-bus-pci#L344-L355
2024-03-04 03:24:17.868111: I tensorflow/compiler/xla/stream_executor/cuda/cuda_gpu_executor.cc:1013] successful NUMA node read from SysFS had negative value (-1), but there must be at least one NUMA node, so returning NUMA node zero. See more at https://github.com/torvalds/linux/blob/v6.0/Documentation/ABI/testing/sysfs-bus-pci#L344-L355
2024-03-04 03:24:17.868421: I tensorflow/compiler/xla/stream_executor/cuda/cuda_gpu_executor.cc:1013] successful NUMA node read from SysFS had negative value (-1), but there must be at least one NUMA node, so returning NUMA node zero. See more at https://github.com/torvalds/linux/blob/v6.0/Documentation/ABI/testing/sysfs-bus-pci#L344-L355
2024-03-04 03:24:17.868669: I tensorflow/compiler/xla/stream_executor/cuda/cuda_gpu_executor.cc:1013] successful NUMA node read from SysFS had negative value (-1), but there must be at least one NUMA node, so returning NUMA node zero. See more at https://github.com/torvalds/linux/blob/v6.0/Documentation/ABI/testing/sysfs-bus-pci#L344-L355
2024-03-04 03:24:17.868820: I tensorflow/core/common_runtime/gpu/gpu_device.cc:1638] Created device /job:localhost/replica:0/task:0/device:GPU:0 with 10135 MB memory:  -> device: 0, name: NVIDIA GeForce RTX 3060, pci bus id: 0000:01:00.0, compute capability: 8.6
Enter Class Name To Perturb Images: 2024-03-04 03:24:19.913492: I tensorflow/compiler/xla/stream_executor/cuda/cuda_dnn.cc:424] Loaded cuDNN version 8901
2024-03-04 03:24:20.648774: I tensorflow/compiler/xla/stream_executor/cuda/cuda_blas.cc:655] TensorFloat-32 will be used for the matrix multiplication. This will only be logged once.
Done!
Time taken in seconds:  1248.1307017803192
Running with input: BAS
2024-03-04 03:45:07.545115: I tensorflow/core/platform/cpu_feature_guard.cc:183] This TensorFlow binary is optimized to use available CPU instructions in performance-critical operations.
To enable the following instructions: SSE3 SSE4.1 SSE4.2 AVX, in other operations, rebuild TensorFlow with the appropriate compiler flags.
2024-03-04 03:45:09.905646: I tensorflow/compiler/xla/stream_executor/cuda/cuda_gpu_executor.cc:1013] successful NUMA node read from SysFS had negative value (-1), but there must be at least one NUMA node, so returning NUMA node zero. See more at https://github.com/torvalds/linux/blob/v6.0/Documentation/ABI/testing/sysfs-bus-pci#L344-L355
2024-03-04 03:45:09.913658: I tensorflow/compiler/xla/stream_executor/cuda/cuda_gpu_executor.cc:1013] successful NUMA node read from SysFS had negative value (-1), but there must be at least one NUMA node, so returning NUMA node zero. See more at https://github.com/torvalds/linux/blob/v6.0/Documentation/ABI/testing/sysfs-bus-pci#L344-L355
2024-03-04 03:45:09.913956: I tensorflow/compiler/xla/stream_executor/cuda/cuda_gpu_executor.cc:1013] successful NUMA node read from SysFS had negative value (-1), but there must be at least one NUMA node, so returning NUMA node zero. See more at https://github.com/torvalds/linux/blob/v6.0/Documentation/ABI/testing/sysfs-bus-pci#L344-L355
2024-03-04 03:45:09.920734: I tensorflow/compiler/xla/stream_executor/cuda/cuda_gpu_executor.cc:1013] successful NUMA node read from SysFS had negative value (-1), but there must be at least one NUMA node, so returning NUMA node zero. See more at https://github.com/torvalds/linux/blob/v6.0/Documentation/ABI/testing/sysfs-bus-pci#L344-L355
2024-03-04 03:45:09.921056: I tensorflow/compiler/xla/stream_executor/cuda/cuda_gpu_executor.cc:1013] successful NUMA node read from SysFS had negative value (-1), but there must be at least one NUMA node, so returning NUMA node zero. See more at https://github.com/torvalds/linux/blob/v6.0/Documentation/ABI/testing/sysfs-bus-pci#L344-L355
2024-03-04 03:45:09.921273: I tensorflow/compiler/xla/stream_executor/cuda/cuda_gpu_executor.cc:1013] successful NUMA node read from SysFS had negative value (-1), but there must be at least one NUMA node, so returning NUMA node zero. See more at https://github.com/torvalds/linux/blob/v6.0/Documentation/ABI/testing/sysfs-bus-pci#L344-L355
2024-03-04 03:45:09.982998: I tensorflow/compiler/xla/stream_executor/cuda/cuda_gpu_executor.cc:1013] successful NUMA node read from SysFS had negative value (-1), but there must be at least one NUMA node, so returning NUMA node zero. See more at https://github.com/torvalds/linux/blob/v6.0/Documentation/ABI/testing/sysfs-bus-pci#L344-L355
2024-03-04 03:45:09.983275: I tensorflow/compiler/xla/stream_executor/cuda/cuda_gpu_executor.cc:1013] successful NUMA node read from SysFS had negative value (-1), but there must be at least one NUMA node, so returning NUMA node zero. See more at https://github.com/torvalds/linux/blob/v6.0/Documentation/ABI/testing/sysfs-bus-pci#L344-L355
2024-03-04 03:45:09.983508: I tensorflow/compiler/xla/stream_executor/cuda/cuda_gpu_executor.cc:1013] successful NUMA node read from SysFS had negative value (-1), but there must be at least one NUMA node, so returning NUMA node zero. See more at https://github.com/torvalds/linux/blob/v6.0/Documentation/ABI/testing/sysfs-bus-pci#L344-L355
2024-03-04 03:45:09.983708: I tensorflow/core/common_runtime/gpu/gpu_device.cc:1638] Created device /job:localhost/replica:0/task:0/device:GPU:0 with 10135 MB memory:  -> device: 0, name: NVIDIA GeForce RTX 3060, pci bus id: 0000:01:00.0, compute capability: 8.6
Enter Class Name To Perturb Images: 2024-03-04 03:45:12.020238: I tensorflow/compiler/xla/stream_executor/cuda/cuda_dnn.cc:424] Loaded cuDNN version 8901
2024-03-04 03:45:12.749103: I tensorflow/compiler/xla/stream_executor/cuda/cuda_blas.cc:655] TensorFloat-32 will be used for the matrix multiplication. This will only be logged once.
Done!
Time taken in seconds:  32.33318495750427
Running with input: BLA
2024-03-04 03:45:43.856749: I tensorflow/core/platform/cpu_feature_guard.cc:183] This TensorFlow binary is optimized to use available CPU instructions in performance-critical operations.
To enable the following instructions: SSE3 SSE4.1 SSE4.2 AVX, in other operations, rebuild TensorFlow with the appropriate compiler flags.
2024-03-04 03:45:46.230211: I tensorflow/compiler/xla/stream_executor/cuda/cuda_gpu_executor.cc:1013] successful NUMA node read from SysFS had negative value (-1), but there must be at least one NUMA node, so returning NUMA node zero. See more at https://github.com/torvalds/linux/blob/v6.0/Documentation/ABI/testing/sysfs-bus-pci#L344-L355
2024-03-04 03:45:46.238142: I tensorflow/compiler/xla/stream_executor/cuda/cuda_gpu_executor.cc:1013] successful NUMA node read from SysFS had negative value (-1), but there must be at least one NUMA node, so returning NUMA node zero. See more at https://github.com/torvalds/linux/blob/v6.0/Documentation/ABI/testing/sysfs-bus-pci#L344-L355
2024-03-04 03:45:46.238532: I tensorflow/compiler/xla/stream_executor/cuda/cuda_gpu_executor.cc:1013] successful NUMA node read from SysFS had negative value (-1), but there must be at least one NUMA node, so returning NUMA node zero. See more at https://github.com/torvalds/linux/blob/v6.0/Documentation/ABI/testing/sysfs-bus-pci#L344-L355
2024-03-04 03:45:46.245511: I tensorflow/compiler/xla/stream_executor/cuda/cuda_gpu_executor.cc:1013] successful NUMA node read from SysFS had negative value (-1), but there must be at least one NUMA node, so returning NUMA node zero. See more at https://github.com/torvalds/linux/blob/v6.0/Documentation/ABI/testing/sysfs-bus-pci#L344-L355
2024-03-04 03:45:46.245791: I tensorflow/compiler/xla/stream_executor/cuda/cuda_gpu_executor.cc:1013] successful NUMA node read from SysFS had negative value (-1), but there must be at least one NUMA node, so returning NUMA node zero. See more at https://github.com/torvalds/linux/blob/v6.0/Documentation/ABI/testing/sysfs-bus-pci#L344-L355
2024-03-04 03:45:46.245993: I tensorflow/compiler/xla/stream_executor/cuda/cuda_gpu_executor.cc:1013] successful NUMA node read from SysFS had negative value (-1), but there must be at least one NUMA node, so returning NUMA node zero. See more at https://github.com/torvalds/linux/blob/v6.0/Documentation/ABI/testing/sysfs-bus-pci#L344-L355
2024-03-04 03:45:46.313268: I tensorflow/compiler/xla/stream_executor/cuda/cuda_gpu_executor.cc:1013] successful NUMA node read from SysFS had negative value (-1), but there must be at least one NUMA node, so returning NUMA node zero. See more at https://github.com/torvalds/linux/blob/v6.0/Documentation/ABI/testing/sysfs-bus-pci#L344-L355
2024-03-04 03:45:46.313553: I tensorflow/compiler/xla/stream_executor/cuda/cuda_gpu_executor.cc:1013] successful NUMA node read from SysFS had negative value (-1), but there must be at least one NUMA node, so returning NUMA node zero. See more at https://github.com/torvalds/linux/blob/v6.0/Documentation/ABI/testing/sysfs-bus-pci#L344-L355
2024-03-04 03:45:46.313735: I tensorflow/compiler/xla/stream_executor/cuda/cuda_gpu_executor.cc:1013] successful NUMA node read from SysFS had negative value (-1), but there must be at least one NUMA node, so returning NUMA node zero. See more at https://github.com/torvalds/linux/blob/v6.0/Documentation/ABI/testing/sysfs-bus-pci#L344-L355
2024-03-04 03:45:46.313934: I tensorflow/core/common_runtime/gpu/gpu_device.cc:1638] Created device /job:localhost/replica:0/task:0/device:GPU:0 with 10135 MB memory:  -> device: 0, name: NVIDIA GeForce RTX 3060, pci bus id: 0000:01:00.0, compute capability: 8.6
Enter Class Name To Perturb Images: 2024-03-04 03:45:48.345128: I tensorflow/compiler/xla/stream_executor/cuda/cuda_dnn.cc:424] Loaded cuDNN version 8901
2024-03-04 03:45:49.081744: I tensorflow/compiler/xla/stream_executor/cuda/cuda_blas.cc:655] TensorFloat-32 will be used for the matrix multiplication. This will only be logged once.
Done!
Time taken in seconds:  762.3731224536896
Running with input: EBO
2024-03-04 03:58:30.240416: I tensorflow/core/platform/cpu_feature_guard.cc:183] This TensorFlow binary is optimized to use available CPU instructions in performance-critical operations.
To enable the following instructions: SSE3 SSE4.1 SSE4.2 AVX, in other operations, rebuild TensorFlow with the appropriate compiler flags.
2024-03-04 03:58:32.625905: I tensorflow/compiler/xla/stream_executor/cuda/cuda_gpu_executor.cc:1013] successful NUMA node read from SysFS had negative value (-1), but there must be at least one NUMA node, so returning NUMA node zero. See more at https://github.com/torvalds/linux/blob/v6.0/Documentation/ABI/testing/sysfs-bus-pci#L344-L355
2024-03-04 03:58:32.634001: I tensorflow/compiler/xla/stream_executor/cuda/cuda_gpu_executor.cc:1013] successful NUMA node read from SysFS had negative value (-1), but there must be at least one NUMA node, so returning NUMA node zero. See more at https://github.com/torvalds/linux/blob/v6.0/Documentation/ABI/testing/sysfs-bus-pci#L344-L355
2024-03-04 03:58:32.634316: I tensorflow/compiler/xla/stream_executor/cuda/cuda_gpu_executor.cc:1013] successful NUMA node read from SysFS had negative value (-1), but there must be at least one NUMA node, so returning NUMA node zero. See more at https://github.com/torvalds/linux/blob/v6.0/Documentation/ABI/testing/sysfs-bus-pci#L344-L355
2024-03-04 03:58:32.641158: I tensorflow/compiler/xla/stream_executor/cuda/cuda_gpu_executor.cc:1013] successful NUMA node read from SysFS had negative value (-1), but there must be at least one NUMA node, so returning NUMA node zero. See more at https://github.com/torvalds/linux/blob/v6.0/Documentation/ABI/testing/sysfs-bus-pci#L344-L355
2024-03-04 03:58:32.641444: I tensorflow/compiler/xla/stream_executor/cuda/cuda_gpu_executor.cc:1013] successful NUMA node read from SysFS had negative value (-1), but there must be at least one NUMA node, so returning NUMA node zero. See more at https://github.com/torvalds/linux/blob/v6.0/Documentation/ABI/testing/sysfs-bus-pci#L344-L355
2024-03-04 03:58:32.641677: I tensorflow/compiler/xla/stream_executor/cuda/cuda_gpu_executor.cc:1013] successful NUMA node read from SysFS had negative value (-1), but there must be at least one NUMA node, so returning NUMA node zero. See more at https://github.com/torvalds/linux/blob/v6.0/Documentation/ABI/testing/sysfs-bus-pci#L344-L355
2024-03-04 03:58:32.708833: I tensorflow/compiler/xla/stream_executor/cuda/cuda_gpu_executor.cc:1013] successful NUMA node read from SysFS had negative value (-1), but there must be at least one NUMA node, so returning NUMA node zero. See more at https://github.com/torvalds/linux/blob/v6.0/Documentation/ABI/testing/sysfs-bus-pci#L344-L355
2024-03-04 03:58:32.709123: I tensorflow/compiler/xla/stream_executor/cuda/cuda_gpu_executor.cc:1013] successful NUMA node read from SysFS had negative value (-1), but there must be at least one NUMA node, so returning NUMA node zero. See more at https://github.com/torvalds/linux/blob/v6.0/Documentation/ABI/testing/sysfs-bus-pci#L344-L355
2024-03-04 03:58:32.709371: I tensorflow/compiler/xla/stream_executor/cuda/cuda_gpu_executor.cc:1013] successful NUMA node read from SysFS had negative value (-1), but there must be at least one NUMA node, so returning NUMA node zero. See more at https://github.com/torvalds/linux/blob/v6.0/Documentation/ABI/testing/sysfs-bus-pci#L344-L355
2024-03-04 03:58:32.709570: I tensorflow/core/common_runtime/gpu/gpu_device.cc:1638] Created device /job:localhost/replica:0/task:0/device:GPU:0 with 10135 MB memory:  -> device: 0, name: NVIDIA GeForce RTX 3060, pci bus id: 0000:01:00.0, compute capability: 8.6
Enter Class Name To Perturb Images: 2024-03-04 03:58:34.728266: I tensorflow/compiler/xla/stream_executor/cuda/cuda_dnn.cc:424] Loaded cuDNN version 8901
2024-03-04 03:58:35.465835: I tensorflow/compiler/xla/stream_executor/cuda/cuda_blas.cc:655] TensorFloat-32 will be used for the matrix multiplication. This will only be logged once.
Done!
Time taken in seconds:  1739.8290314674377
Running with input: EOS
2024-03-04 04:27:34.110261: I tensorflow/core/platform/cpu_feature_guard.cc:183] This TensorFlow binary is optimized to use available CPU instructions in performance-critical operations.
To enable the following instructions: SSE3 SSE4.1 SSE4.2 AVX, in other operations, rebuild TensorFlow with the appropriate compiler flags.
2024-03-04 04:27:36.493835: I tensorflow/compiler/xla/stream_executor/cuda/cuda_gpu_executor.cc:1013] successful NUMA node read from SysFS had negative value (-1), but there must be at least one NUMA node, so returning NUMA node zero. See more at https://github.com/torvalds/linux/blob/v6.0/Documentation/ABI/testing/sysfs-bus-pci#L344-L355
2024-03-04 04:27:36.501985: I tensorflow/compiler/xla/stream_executor/cuda/cuda_gpu_executor.cc:1013] successful NUMA node read from SysFS had negative value (-1), but there must be at least one NUMA node, so returning NUMA node zero. See more at https://github.com/torvalds/linux/blob/v6.0/Documentation/ABI/testing/sysfs-bus-pci#L344-L355
2024-03-04 04:27:36.502259: I tensorflow/compiler/xla/stream_executor/cuda/cuda_gpu_executor.cc:1013] successful NUMA node read from SysFS had negative value (-1), but there must be at least one NUMA node, so returning NUMA node zero. See more at https://github.com/torvalds/linux/blob/v6.0/Documentation/ABI/testing/sysfs-bus-pci#L344-L355
2024-03-04 04:27:36.509106: I tensorflow/compiler/xla/stream_executor/cuda/cuda_gpu_executor.cc:1013] successful NUMA node read from SysFS had negative value (-1), but there must be at least one NUMA node, so returning NUMA node zero. See more at https://github.com/torvalds/linux/blob/v6.0/Documentation/ABI/testing/sysfs-bus-pci#L344-L355
2024-03-04 04:27:36.509418: I tensorflow/compiler/xla/stream_executor/cuda/cuda_gpu_executor.cc:1013] successful NUMA node read from SysFS had negative value (-1), but there must be at least one NUMA node, so returning NUMA node zero. See more at https://github.com/torvalds/linux/blob/v6.0/Documentation/ABI/testing/sysfs-bus-pci#L344-L355
2024-03-04 04:27:36.509636: I tensorflow/compiler/xla/stream_executor/cuda/cuda_gpu_executor.cc:1013] successful NUMA node read from SysFS had negative value (-1), but there must be at least one NUMA node, so returning NUMA node zero. See more at https://github.com/torvalds/linux/blob/v6.0/Documentation/ABI/testing/sysfs-bus-pci#L344-L355
2024-03-04 04:27:36.569664: I tensorflow/compiler/xla/stream_executor/cuda/cuda_gpu_executor.cc:1013] successful NUMA node read from SysFS had negative value (-1), but there must be at least one NUMA node, so returning NUMA node zero. See more at https://github.com/torvalds/linux/blob/v6.0/Documentation/ABI/testing/sysfs-bus-pci#L344-L355
2024-03-04 04:27:36.569933: I tensorflow/compiler/xla/stream_executor/cuda/cuda_gpu_executor.cc:1013] successful NUMA node read from SysFS had negative value (-1), but there must be at least one NUMA node, so returning NUMA node zero. See more at https://github.com/torvalds/linux/blob/v6.0/Documentation/ABI/testing/sysfs-bus-pci#L344-L355
2024-03-04 04:27:36.570140: I tensorflow/compiler/xla/stream_executor/cuda/cuda_gpu_executor.cc:1013] successful NUMA node read from SysFS had negative value (-1), but there must be at least one NUMA node, so returning NUMA node zero. See more at https://github.com/torvalds/linux/blob/v6.0/Documentation/ABI/testing/sysfs-bus-pci#L344-L355
2024-03-04 04:27:36.570314: I tensorflow/core/common_runtime/gpu/gpu_device.cc:1638] Created device /job:localhost/replica:0/task:0/device:GPU:0 with 10135 MB memory:  -> device: 0, name: NVIDIA GeForce RTX 3060, pci bus id: 0000:01:00.0, compute capability: 8.6
Enter Class Name To Perturb Images: 2024-03-04 04:27:38.604309: I tensorflow/compiler/xla/stream_executor/cuda/cuda_dnn.cc:424] Loaded cuDNN version 8901
2024-03-04 04:27:39.337903: I tensorflow/compiler/xla/stream_executor/cuda/cuda_blas.cc:655] TensorFloat-32 will be used for the matrix multiplication. This will only be logged once.
Done!
Time taken in seconds:  376.5791652202606
Running with input: FGC
2024-03-04 04:33:54.745030: I tensorflow/core/platform/cpu_feature_guard.cc:183] This TensorFlow binary is optimized to use available CPU instructions in performance-critical operations.
To enable the following instructions: SSE3 SSE4.1 SSE4.2 AVX, in other operations, rebuild TensorFlow with the appropriate compiler flags.
2024-03-04 04:33:57.780428: I tensorflow/compiler/xla/stream_executor/cuda/cuda_gpu_executor.cc:1013] successful NUMA node read from SysFS had negative value (-1), but there must be at least one NUMA node, so returning NUMA node zero. See more at https://github.com/torvalds/linux/blob/v6.0/Documentation/ABI/testing/sysfs-bus-pci#L344-L355
2024-03-04 04:33:57.790723: I tensorflow/compiler/xla/stream_executor/cuda/cuda_gpu_executor.cc:1013] successful NUMA node read from SysFS had negative value (-1), but there must be at least one NUMA node, so returning NUMA node zero. See more at https://github.com/torvalds/linux/blob/v6.0/Documentation/ABI/testing/sysfs-bus-pci#L344-L355
2024-03-04 04:33:57.791069: I tensorflow/compiler/xla/stream_executor/cuda/cuda_gpu_executor.cc:1013] successful NUMA node read from SysFS had negative value (-1), but there must be at least one NUMA node, so returning NUMA node zero. See more at https://github.com/torvalds/linux/blob/v6.0/Documentation/ABI/testing/sysfs-bus-pci#L344-L355
2024-03-04 04:33:57.799508: I tensorflow/compiler/xla/stream_executor/cuda/cuda_gpu_executor.cc:1013] successful NUMA node read from SysFS had negative value (-1), but there must be at least one NUMA node, so returning NUMA node zero. See more at https://github.com/torvalds/linux/blob/v6.0/Documentation/ABI/testing/sysfs-bus-pci#L344-L355
2024-03-04 04:33:57.799869: I tensorflow/compiler/xla/stream_executor/cuda/cuda_gpu_executor.cc:1013] successful NUMA node read from SysFS had negative value (-1), but there must be at least one NUMA node, so returning NUMA node zero. See more at https://github.com/torvalds/linux/blob/v6.0/Documentation/ABI/testing/sysfs-bus-pci#L344-L355
2024-03-04 04:33:57.800112: I tensorflow/compiler/xla/stream_executor/cuda/cuda_gpu_executor.cc:1013] successful NUMA node read from SysFS had negative value (-1), but there must be at least one NUMA node, so returning NUMA node zero. See more at https://github.com/torvalds/linux/blob/v6.0/Documentation/ABI/testing/sysfs-bus-pci#L344-L355
2024-03-04 04:33:57.871795: I tensorflow/compiler/xla/stream_executor/cuda/cuda_gpu_executor.cc:1013] successful NUMA node read from SysFS had negative value (-1), but there must be at least one NUMA node, so returning NUMA node zero. See more at https://github.com/torvalds/linux/blob/v6.0/Documentation/ABI/testing/sysfs-bus-pci#L344-L355
2024-03-04 04:33:57.872038: I tensorflow/compiler/xla/stream_executor/cuda/cuda_gpu_executor.cc:1013] successful NUMA node read from SysFS had negative value (-1), but there must be at least one NUMA node, so returning NUMA node zero. See more at https://github.com/torvalds/linux/blob/v6.0/Documentation/ABI/testing/sysfs-bus-pci#L344-L355
2024-03-04 04:33:57.872221: I tensorflow/compiler/xla/stream_executor/cuda/cuda_gpu_executor.cc:1013] successful NUMA node read from SysFS had negative value (-1), but there must be at least one NUMA node, so returning NUMA node zero. See more at https://github.com/torvalds/linux/blob/v6.0/Documentation/ABI/testing/sysfs-bus-pci#L344-L355
2024-03-04 04:33:57.872384: I tensorflow/core/common_runtime/gpu/gpu_device.cc:1638] Created device /job:localhost/replica:0/task:0/device:GPU:0 with 10135 MB memory:  -> device: 0, name: NVIDIA GeForce RTX 3060, pci bus id: 0000:01:00.0, compute capability: 8.6
Enter Class Name To Perturb Images: 2024-03-04 04:34:00.491283: I tensorflow/compiler/xla/stream_executor/cuda/cuda_dnn.cc:424] Loaded cuDNN version 8901
2024-03-04 04:34:01.337346: I tensorflow/compiler/xla/stream_executor/cuda/cuda_blas.cc:655] TensorFloat-32 will be used for the matrix multiplication. This will only be logged once.
Done!
Time taken in seconds:  7.270571947097778
Running with input: KSC
2024-03-04 04:34:06.820933: I tensorflow/core/platform/cpu_feature_guard.cc:183] This TensorFlow binary is optimized to use available CPU instructions in performance-critical operations.
To enable the following instructions: SSE3 SSE4.1 SSE4.2 AVX, in other operations, rebuild TensorFlow with the appropriate compiler flags.
2024-03-04 04:34:09.201252: I tensorflow/compiler/xla/stream_executor/cuda/cuda_gpu_executor.cc:1013] successful NUMA node read from SysFS had negative value (-1), but there must be at least one NUMA node, so returning NUMA node zero. See more at https://github.com/torvalds/linux/blob/v6.0/Documentation/ABI/testing/sysfs-bus-pci#L344-L355
2024-03-04 04:34:09.209367: I tensorflow/compiler/xla/stream_executor/cuda/cuda_gpu_executor.cc:1013] successful NUMA node read from SysFS had negative value (-1), but there must be at least one NUMA node, so returning NUMA node zero. See more at https://github.com/torvalds/linux/blob/v6.0/Documentation/ABI/testing/sysfs-bus-pci#L344-L355
2024-03-04 04:34:09.209665: I tensorflow/compiler/xla/stream_executor/cuda/cuda_gpu_executor.cc:1013] successful NUMA node read from SysFS had negative value (-1), but there must be at least one NUMA node, so returning NUMA node zero. See more at https://github.com/torvalds/linux/blob/v6.0/Documentation/ABI/testing/sysfs-bus-pci#L344-L355
2024-03-04 04:34:09.216485: I tensorflow/compiler/xla/stream_executor/cuda/cuda_gpu_executor.cc:1013] successful NUMA node read from SysFS had negative value (-1), but there must be at least one NUMA node, so returning NUMA node zero. See more at https://github.com/torvalds/linux/blob/v6.0/Documentation/ABI/testing/sysfs-bus-pci#L344-L355
2024-03-04 04:34:09.216809: I tensorflow/compiler/xla/stream_executor/cuda/cuda_gpu_executor.cc:1013] successful NUMA node read from SysFS had negative value (-1), but there must be at least one NUMA node, so returning NUMA node zero. See more at https://github.com/torvalds/linux/blob/v6.0/Documentation/ABI/testing/sysfs-bus-pci#L344-L355
2024-03-04 04:34:09.217028: I tensorflow/compiler/xla/stream_executor/cuda/cuda_gpu_executor.cc:1013] successful NUMA node read from SysFS had negative value (-1), but there must be at least one NUMA node, so returning NUMA node zero. See more at https://github.com/torvalds/linux/blob/v6.0/Documentation/ABI/testing/sysfs-bus-pci#L344-L355
2024-03-04 04:34:09.284027: I tensorflow/compiler/xla/stream_executor/cuda/cuda_gpu_executor.cc:1013] successful NUMA node read from SysFS had negative value (-1), but there must be at least one NUMA node, so returning NUMA node zero. See more at https://github.com/torvalds/linux/blob/v6.0/Documentation/ABI/testing/sysfs-bus-pci#L344-L355
2024-03-04 04:34:09.284295: I tensorflow/compiler/xla/stream_executor/cuda/cuda_gpu_executor.cc:1013] successful NUMA node read from SysFS had negative value (-1), but there must be at least one NUMA node, so returning NUMA node zero. See more at https://github.com/torvalds/linux/blob/v6.0/Documentation/ABI/testing/sysfs-bus-pci#L344-L355
2024-03-04 04:34:09.285746: I tensorflow/compiler/xla/stream_executor/cuda/cuda_gpu_executor.cc:1013] successful NUMA node read from SysFS had negative value (-1), but there must be at least one NUMA node, so returning NUMA node zero. See more at https://github.com/torvalds/linux/blob/v6.0/Documentation/ABI/testing/sysfs-bus-pci#L344-L355
2024-03-04 04:34:09.285953: I tensorflow/core/common_runtime/gpu/gpu_device.cc:1638] Created device /job:localhost/replica:0/task:0/device:GPU:0 with 10135 MB memory:  -> device: 0, name: NVIDIA GeForce RTX 3060, pci bus id: 0000:01:00.0, compute capability: 8.6
Enter Class Name To Perturb Images: 2024-03-04 04:34:11.332947: I tensorflow/compiler/xla/stream_executor/cuda/cuda_dnn.cc:424] Loaded cuDNN version 8901
2024-03-04 04:34:12.064215: I tensorflow/compiler/xla/stream_executor/cuda/cuda_blas.cc:655] TensorFloat-32 will be used for the matrix multiplication. This will only be logged once.
Done!
Time taken in seconds:  6.669900894165039
Running with input: LYI
2024-03-04 04:34:17.509047: I tensorflow/core/platform/cpu_feature_guard.cc:183] This TensorFlow binary is optimized to use available CPU instructions in performance-critical operations.
To enable the following instructions: SSE3 SSE4.1 SSE4.2 AVX, in other operations, rebuild TensorFlow with the appropriate compiler flags.
2024-03-04 04:34:19.877344: I tensorflow/compiler/xla/stream_executor/cuda/cuda_gpu_executor.cc:1013] successful NUMA node read from SysFS had negative value (-1), but there must be at least one NUMA node, so returning NUMA node zero. See more at https://github.com/torvalds/linux/blob/v6.0/Documentation/ABI/testing/sysfs-bus-pci#L344-L355
2024-03-04 04:34:19.885419: I tensorflow/compiler/xla/stream_executor/cuda/cuda_gpu_executor.cc:1013] successful NUMA node read from SysFS had negative value (-1), but there must be at least one NUMA node, so returning NUMA node zero. See more at https://github.com/torvalds/linux/blob/v6.0/Documentation/ABI/testing/sysfs-bus-pci#L344-L355
2024-03-04 04:34:19.885660: I tensorflow/compiler/xla/stream_executor/cuda/cuda_gpu_executor.cc:1013] successful NUMA node read from SysFS had negative value (-1), but there must be at least one NUMA node, so returning NUMA node zero. See more at https://github.com/torvalds/linux/blob/v6.0/Documentation/ABI/testing/sysfs-bus-pci#L344-L355
2024-03-04 04:34:19.892345: I tensorflow/compiler/xla/stream_executor/cuda/cuda_gpu_executor.cc:1013] successful NUMA node read from SysFS had negative value (-1), but there must be at least one NUMA node, so returning NUMA node zero. See more at https://github.com/torvalds/linux/blob/v6.0/Documentation/ABI/testing/sysfs-bus-pci#L344-L355
2024-03-04 04:34:19.892622: I tensorflow/compiler/xla/stream_executor/cuda/cuda_gpu_executor.cc:1013] successful NUMA node read from SysFS had negative value (-1), but there must be at least one NUMA node, so returning NUMA node zero. See more at https://github.com/torvalds/linux/blob/v6.0/Documentation/ABI/testing/sysfs-bus-pci#L344-L355
2024-03-04 04:34:19.892800: I tensorflow/compiler/xla/stream_executor/cuda/cuda_gpu_executor.cc:1013] successful NUMA node read from SysFS had negative value (-1), but there must be at least one NUMA node, so returning NUMA node zero. See more at https://github.com/torvalds/linux/blob/v6.0/Documentation/ABI/testing/sysfs-bus-pci#L344-L355
2024-03-04 04:34:19.953992: I tensorflow/compiler/xla/stream_executor/cuda/cuda_gpu_executor.cc:1013] successful NUMA node read from SysFS had negative value (-1), but there must be at least one NUMA node, so returning NUMA node zero. See more at https://github.com/torvalds/linux/blob/v6.0/Documentation/ABI/testing/sysfs-bus-pci#L344-L355
2024-03-04 04:34:19.954249: I tensorflow/compiler/xla/stream_executor/cuda/cuda_gpu_executor.cc:1013] successful NUMA node read from SysFS had negative value (-1), but there must be at least one NUMA node, so returning NUMA node zero. See more at https://github.com/torvalds/linux/blob/v6.0/Documentation/ABI/testing/sysfs-bus-pci#L344-L355
2024-03-04 04:34:19.954432: I tensorflow/compiler/xla/stream_executor/cuda/cuda_gpu_executor.cc:1013] successful NUMA node read from SysFS had negative value (-1), but there must be at least one NUMA node, so returning NUMA node zero. See more at https://github.com/torvalds/linux/blob/v6.0/Documentation/ABI/testing/sysfs-bus-pci#L344-L355
2024-03-04 04:34:19.954587: I tensorflow/core/common_runtime/gpu/gpu_device.cc:1638] Created device /job:localhost/replica:0/task:0/device:GPU:0 with 10135 MB memory:  -> device: 0, name: NVIDIA GeForce RTX 3060, pci bus id: 0000:01:00.0, compute capability: 8.6
Enter Class Name To Perturb Images: 2024-03-04 04:34:21.980095: I tensorflow/compiler/xla/stream_executor/cuda/cuda_dnn.cc:424] Loaded cuDNN version 8901
2024-03-04 04:34:22.719942: I tensorflow/compiler/xla/stream_executor/cuda/cuda_blas.cc:655] TensorFloat-32 will be used for the matrix multiplication. This will only be logged once.
Done!
Time taken in seconds:  8.18453335762024
Running with input: LYT
2024-03-04 04:34:29.688954: I tensorflow/core/platform/cpu_feature_guard.cc:183] This TensorFlow binary is optimized to use available CPU instructions in performance-critical operations.
To enable the following instructions: SSE3 SSE4.1 SSE4.2 AVX, in other operations, rebuild TensorFlow with the appropriate compiler flags.
2024-03-04 04:34:32.053373: I tensorflow/compiler/xla/stream_executor/cuda/cuda_gpu_executor.cc:1013] successful NUMA node read from SysFS had negative value (-1), but there must be at least one NUMA node, so returning NUMA node zero. See more at https://github.com/torvalds/linux/blob/v6.0/Documentation/ABI/testing/sysfs-bus-pci#L344-L355
2024-03-04 04:34:32.061480: I tensorflow/compiler/xla/stream_executor/cuda/cuda_gpu_executor.cc:1013] successful NUMA node read from SysFS had negative value (-1), but there must be at least one NUMA node, so returning NUMA node zero. See more at https://github.com/torvalds/linux/blob/v6.0/Documentation/ABI/testing/sysfs-bus-pci#L344-L355
2024-03-04 04:34:32.061774: I tensorflow/compiler/xla/stream_executor/cuda/cuda_gpu_executor.cc:1013] successful NUMA node read from SysFS had negative value (-1), but there must be at least one NUMA node, so returning NUMA node zero. See more at https://github.com/torvalds/linux/blob/v6.0/Documentation/ABI/testing/sysfs-bus-pci#L344-L355
2024-03-04 04:34:32.068494: I tensorflow/compiler/xla/stream_executor/cuda/cuda_gpu_executor.cc:1013] successful NUMA node read from SysFS had negative value (-1), but there must be at least one NUMA node, so returning NUMA node zero. See more at https://github.com/torvalds/linux/blob/v6.0/Documentation/ABI/testing/sysfs-bus-pci#L344-L355
2024-03-04 04:34:32.068797: I tensorflow/compiler/xla/stream_executor/cuda/cuda_gpu_executor.cc:1013] successful NUMA node read from SysFS had negative value (-1), but there must be at least one NUMA node, so returning NUMA node zero. See more at https://github.com/torvalds/linux/blob/v6.0/Documentation/ABI/testing/sysfs-bus-pci#L344-L355
2024-03-04 04:34:32.069028: I tensorflow/compiler/xla/stream_executor/cuda/cuda_gpu_executor.cc:1013] successful NUMA node read from SysFS had negative value (-1), but there must be at least one NUMA node, so returning NUMA node zero. See more at https://github.com/torvalds/linux/blob/v6.0/Documentation/ABI/testing/sysfs-bus-pci#L344-L355
2024-03-04 04:34:32.137476: I tensorflow/compiler/xla/stream_executor/cuda/cuda_gpu_executor.cc:1013] successful NUMA node read from SysFS had negative value (-1), but there must be at least one NUMA node, so returning NUMA node zero. See more at https://github.com/torvalds/linux/blob/v6.0/Documentation/ABI/testing/sysfs-bus-pci#L344-L355
2024-03-04 04:34:32.137766: I tensorflow/compiler/xla/stream_executor/cuda/cuda_gpu_executor.cc:1013] successful NUMA node read from SysFS had negative value (-1), but there must be at least one NUMA node, so returning NUMA node zero. See more at https://github.com/torvalds/linux/blob/v6.0/Documentation/ABI/testing/sysfs-bus-pci#L344-L355
2024-03-04 04:34:32.137988: I tensorflow/compiler/xla/stream_executor/cuda/cuda_gpu_executor.cc:1013] successful NUMA node read from SysFS had negative value (-1), but there must be at least one NUMA node, so returning NUMA node zero. See more at https://github.com/torvalds/linux/blob/v6.0/Documentation/ABI/testing/sysfs-bus-pci#L344-L355
2024-03-04 04:34:32.138189: I tensorflow/core/common_runtime/gpu/gpu_device.cc:1638] Created device /job:localhost/replica:0/task:0/device:GPU:0 with 10135 MB memory:  -> device: 0, name: NVIDIA GeForce RTX 3060, pci bus id: 0000:01:00.0, compute capability: 8.6
Enter Class Name To Perturb Images: 2024-03-04 04:34:34.179110: I tensorflow/compiler/xla/stream_executor/cuda/cuda_dnn.cc:424] Loaded cuDNN version 8901
2024-03-04 04:34:34.920612: I tensorflow/compiler/xla/stream_executor/cuda/cuda_blas.cc:655] TensorFloat-32 will be used for the matrix multiplication. This will only be logged once.
Done!
Time taken in seconds:  1666.1932332515717
Running with input: MMZ
2024-03-04 05:02:19.894704: I tensorflow/core/platform/cpu_feature_guard.cc:183] This TensorFlow binary is optimized to use available CPU instructions in performance-critical operations.
To enable the following instructions: SSE3 SSE4.1 SSE4.2 AVX, in other operations, rebuild TensorFlow with the appropriate compiler flags.
2024-03-04 05:02:22.257550: I tensorflow/compiler/xla/stream_executor/cuda/cuda_gpu_executor.cc:1013] successful NUMA node read from SysFS had negative value (-1), but there must be at least one NUMA node, so returning NUMA node zero. See more at https://github.com/torvalds/linux/blob/v6.0/Documentation/ABI/testing/sysfs-bus-pci#L344-L355
2024-03-04 05:02:22.265735: I tensorflow/compiler/xla/stream_executor/cuda/cuda_gpu_executor.cc:1013] successful NUMA node read from SysFS had negative value (-1), but there must be at least one NUMA node, so returning NUMA node zero. See more at https://github.com/torvalds/linux/blob/v6.0/Documentation/ABI/testing/sysfs-bus-pci#L344-L355
2024-03-04 05:02:22.266010: I tensorflow/compiler/xla/stream_executor/cuda/cuda_gpu_executor.cc:1013] successful NUMA node read from SysFS had negative value (-1), but there must be at least one NUMA node, so returning NUMA node zero. See more at https://github.com/torvalds/linux/blob/v6.0/Documentation/ABI/testing/sysfs-bus-pci#L344-L355
2024-03-04 05:02:22.272792: I tensorflow/compiler/xla/stream_executor/cuda/cuda_gpu_executor.cc:1013] successful NUMA node read from SysFS had negative value (-1), but there must be at least one NUMA node, so returning NUMA node zero. See more at https://github.com/torvalds/linux/blob/v6.0/Documentation/ABI/testing/sysfs-bus-pci#L344-L355
2024-03-04 05:02:22.273072: I tensorflow/compiler/xla/stream_executor/cuda/cuda_gpu_executor.cc:1013] successful NUMA node read from SysFS had negative value (-1), but there must be at least one NUMA node, so returning NUMA node zero. See more at https://github.com/torvalds/linux/blob/v6.0/Documentation/ABI/testing/sysfs-bus-pci#L344-L355
2024-03-04 05:02:22.273263: I tensorflow/compiler/xla/stream_executor/cuda/cuda_gpu_executor.cc:1013] successful NUMA node read from SysFS had negative value (-1), but there must be at least one NUMA node, so returning NUMA node zero. See more at https://github.com/torvalds/linux/blob/v6.0/Documentation/ABI/testing/sysfs-bus-pci#L344-L355
2024-03-04 05:02:22.331632: I tensorflow/compiler/xla/stream_executor/cuda/cuda_gpu_executor.cc:1013] successful NUMA node read from SysFS had negative value (-1), but there must be at least one NUMA node, so returning NUMA node zero. See more at https://github.com/torvalds/linux/blob/v6.0/Documentation/ABI/testing/sysfs-bus-pci#L344-L355
2024-03-04 05:02:22.331909: I tensorflow/compiler/xla/stream_executor/cuda/cuda_gpu_executor.cc:1013] successful NUMA node read from SysFS had negative value (-1), but there must be at least one NUMA node, so returning NUMA node zero. See more at https://github.com/torvalds/linux/blob/v6.0/Documentation/ABI/testing/sysfs-bus-pci#L344-L355
2024-03-04 05:02:22.332105: I tensorflow/compiler/xla/stream_executor/cuda/cuda_gpu_executor.cc:1013] successful NUMA node read from SysFS had negative value (-1), but there must be at least one NUMA node, so returning NUMA node zero. See more at https://github.com/torvalds/linux/blob/v6.0/Documentation/ABI/testing/sysfs-bus-pci#L344-L355
2024-03-04 05:02:22.332277: I tensorflow/core/common_runtime/gpu/gpu_device.cc:1638] Created device /job:localhost/replica:0/task:0/device:GPU:0 with 10135 MB memory:  -> device: 0, name: NVIDIA GeForce RTX 3060, pci bus id: 0000:01:00.0, compute capability: 8.6
Enter Class Name To Perturb Images: 2024-03-04 05:02:24.395367: I tensorflow/compiler/xla/stream_executor/cuda/cuda_dnn.cc:424] Loaded cuDNN version 8901
2024-03-04 05:02:25.123666: I tensorflow/compiler/xla/stream_executor/cuda/cuda_blas.cc:655] TensorFloat-32 will be used for the matrix multiplication. This will only be logged once.
Done!
Time taken in seconds:  198.61109948158264
Running with input: MON
2024-03-04 05:05:42.495044: I tensorflow/core/platform/cpu_feature_guard.cc:183] This TensorFlow binary is optimized to use available CPU instructions in performance-critical operations.
To enable the following instructions: SSE3 SSE4.1 SSE4.2 AVX, in other operations, rebuild TensorFlow with the appropriate compiler flags.
2024-03-04 05:05:44.874220: I tensorflow/compiler/xla/stream_executor/cuda/cuda_gpu_executor.cc:1013] successful NUMA node read from SysFS had negative value (-1), but there must be at least one NUMA node, so returning NUMA node zero. See more at https://github.com/torvalds/linux/blob/v6.0/Documentation/ABI/testing/sysfs-bus-pci#L344-L355
2024-03-04 05:05:44.883128: I tensorflow/compiler/xla/stream_executor/cuda/cuda_gpu_executor.cc:1013] successful NUMA node read from SysFS had negative value (-1), but there must be at least one NUMA node, so returning NUMA node zero. See more at https://github.com/torvalds/linux/blob/v6.0/Documentation/ABI/testing/sysfs-bus-pci#L344-L355
2024-03-04 05:05:44.883426: I tensorflow/compiler/xla/stream_executor/cuda/cuda_gpu_executor.cc:1013] successful NUMA node read from SysFS had negative value (-1), but there must be at least one NUMA node, so returning NUMA node zero. See more at https://github.com/torvalds/linux/blob/v6.0/Documentation/ABI/testing/sysfs-bus-pci#L344-L355
2024-03-04 05:05:44.890368: I tensorflow/compiler/xla/stream_executor/cuda/cuda_gpu_executor.cc:1013] successful NUMA node read from SysFS had negative value (-1), but there must be at least one NUMA node, so returning NUMA node zero. See more at https://github.com/torvalds/linux/blob/v6.0/Documentation/ABI/testing/sysfs-bus-pci#L344-L355
2024-03-04 05:05:44.890729: I tensorflow/compiler/xla/stream_executor/cuda/cuda_gpu_executor.cc:1013] successful NUMA node read from SysFS had negative value (-1), but there must be at least one NUMA node, so returning NUMA node zero. See more at https://github.com/torvalds/linux/blob/v6.0/Documentation/ABI/testing/sysfs-bus-pci#L344-L355
2024-03-04 05:05:44.891046: I tensorflow/compiler/xla/stream_executor/cuda/cuda_gpu_executor.cc:1013] successful NUMA node read from SysFS had negative value (-1), but there must be at least one NUMA node, so returning NUMA node zero. See more at https://github.com/torvalds/linux/blob/v6.0/Documentation/ABI/testing/sysfs-bus-pci#L344-L355
2024-03-04 05:05:44.958657: I tensorflow/compiler/xla/stream_executor/cuda/cuda_gpu_executor.cc:1013] successful NUMA node read from SysFS had negative value (-1), but there must be at least one NUMA node, so returning NUMA node zero. See more at https://github.com/torvalds/linux/blob/v6.0/Documentation/ABI/testing/sysfs-bus-pci#L344-L355
2024-03-04 05:05:44.958930: I tensorflow/compiler/xla/stream_executor/cuda/cuda_gpu_executor.cc:1013] successful NUMA node read from SysFS had negative value (-1), but there must be at least one NUMA node, so returning NUMA node zero. See more at https://github.com/torvalds/linux/blob/v6.0/Documentation/ABI/testing/sysfs-bus-pci#L344-L355
2024-03-04 05:05:44.959153: I tensorflow/compiler/xla/stream_executor/cuda/cuda_gpu_executor.cc:1013] successful NUMA node read from SysFS had negative value (-1), but there must be at least one NUMA node, so returning NUMA node zero. See more at https://github.com/torvalds/linux/blob/v6.0/Documentation/ABI/testing/sysfs-bus-pci#L344-L355
2024-03-04 05:05:44.959361: I tensorflow/core/common_runtime/gpu/gpu_device.cc:1638] Created device /job:localhost/replica:0/task:0/device:GPU:0 with 10135 MB memory:  -> device: 0, name: NVIDIA GeForce RTX 3060, pci bus id: 0000:01:00.0, compute capability: 8.6
Enter Class Name To Perturb Images: 2024-03-04 05:05:46.988170: I tensorflow/compiler/xla/stream_executor/cuda/cuda_dnn.cc:424] Loaded cuDNN version 8901
2024-03-04 05:05:47.718620: I tensorflow/compiler/xla/stream_executor/cuda/cuda_blas.cc:655] TensorFloat-32 will be used for the matrix multiplication. This will only be logged once.
Done!
Time taken in seconds:  261.061639547348
Running with input: MYB
2024-03-04 05:10:07.573496: I tensorflow/core/platform/cpu_feature_guard.cc:183] This TensorFlow binary is optimized to use available CPU instructions in performance-critical operations.
To enable the following instructions: SSE3 SSE4.1 SSE4.2 AVX, in other operations, rebuild TensorFlow with the appropriate compiler flags.
2024-03-04 05:10:09.958079: I tensorflow/compiler/xla/stream_executor/cuda/cuda_gpu_executor.cc:1013] successful NUMA node read from SysFS had negative value (-1), but there must be at least one NUMA node, so returning NUMA node zero. See more at https://github.com/torvalds/linux/blob/v6.0/Documentation/ABI/testing/sysfs-bus-pci#L344-L355
2024-03-04 05:10:09.966226: I tensorflow/compiler/xla/stream_executor/cuda/cuda_gpu_executor.cc:1013] successful NUMA node read from SysFS had negative value (-1), but there must be at least one NUMA node, so returning NUMA node zero. See more at https://github.com/torvalds/linux/blob/v6.0/Documentation/ABI/testing/sysfs-bus-pci#L344-L355
2024-03-04 05:10:09.966482: I tensorflow/compiler/xla/stream_executor/cuda/cuda_gpu_executor.cc:1013] successful NUMA node read from SysFS had negative value (-1), but there must be at least one NUMA node, so returning NUMA node zero. See more at https://github.com/torvalds/linux/blob/v6.0/Documentation/ABI/testing/sysfs-bus-pci#L344-L355
2024-03-04 05:10:09.973271: I tensorflow/compiler/xla/stream_executor/cuda/cuda_gpu_executor.cc:1013] successful NUMA node read from SysFS had negative value (-1), but there must be at least one NUMA node, so returning NUMA node zero. See more at https://github.com/torvalds/linux/blob/v6.0/Documentation/ABI/testing/sysfs-bus-pci#L344-L355
2024-03-04 05:10:09.973544: I tensorflow/compiler/xla/stream_executor/cuda/cuda_gpu_executor.cc:1013] successful NUMA node read from SysFS had negative value (-1), but there must be at least one NUMA node, so returning NUMA node zero. See more at https://github.com/torvalds/linux/blob/v6.0/Documentation/ABI/testing/sysfs-bus-pci#L344-L355
2024-03-04 05:10:09.973752: I tensorflow/compiler/xla/stream_executor/cuda/cuda_gpu_executor.cc:1013] successful NUMA node read from SysFS had negative value (-1), but there must be at least one NUMA node, so returning NUMA node zero. See more at https://github.com/torvalds/linux/blob/v6.0/Documentation/ABI/testing/sysfs-bus-pci#L344-L355
2024-03-04 05:10:10.041253: I tensorflow/compiler/xla/stream_executor/cuda/cuda_gpu_executor.cc:1013] successful NUMA node read from SysFS had negative value (-1), but there must be at least one NUMA node, so returning NUMA node zero. See more at https://github.com/torvalds/linux/blob/v6.0/Documentation/ABI/testing/sysfs-bus-pci#L344-L355
2024-03-04 05:10:10.041514: I tensorflow/compiler/xla/stream_executor/cuda/cuda_gpu_executor.cc:1013] successful NUMA node read from SysFS had negative value (-1), but there must be at least one NUMA node, so returning NUMA node zero. See more at https://github.com/torvalds/linux/blob/v6.0/Documentation/ABI/testing/sysfs-bus-pci#L344-L355
2024-03-04 05:10:10.041698: I tensorflow/compiler/xla/stream_executor/cuda/cuda_gpu_executor.cc:1013] successful NUMA node read from SysFS had negative value (-1), but there must be at least one NUMA node, so returning NUMA node zero. See more at https://github.com/torvalds/linux/blob/v6.0/Documentation/ABI/testing/sysfs-bus-pci#L344-L355
2024-03-04 05:10:10.041898: I tensorflow/core/common_runtime/gpu/gpu_device.cc:1638] Created device /job:localhost/replica:0/task:0/device:GPU:0 with 10135 MB memory:  -> device: 0, name: NVIDIA GeForce RTX 3060, pci bus id: 0000:01:00.0, compute capability: 8.6
Enter Class Name To Perturb Images: 2024-03-04 05:10:12.063346: I tensorflow/compiler/xla/stream_executor/cuda/cuda_dnn.cc:424] Loaded cuDNN version 8901
2024-03-04 05:10:12.792658: I tensorflow/compiler/xla/stream_executor/cuda/cuda_blas.cc:655] TensorFloat-32 will be used for the matrix multiplication. This will only be logged once.
Done!
Time taken in seconds:  421.3384087085724
Running with input: NGB
2024-03-04 05:17:12.937738: I tensorflow/core/platform/cpu_feature_guard.cc:183] This TensorFlow binary is optimized to use available CPU instructions in performance-critical operations.
To enable the following instructions: SSE3 SSE4.1 SSE4.2 AVX, in other operations, rebuild TensorFlow with the appropriate compiler flags.
2024-03-04 05:17:15.314241: I tensorflow/compiler/xla/stream_executor/cuda/cuda_gpu_executor.cc:1013] successful NUMA node read from SysFS had negative value (-1), but there must be at least one NUMA node, so returning NUMA node zero. See more at https://github.com/torvalds/linux/blob/v6.0/Documentation/ABI/testing/sysfs-bus-pci#L344-L355
2024-03-04 05:17:15.322369: I tensorflow/compiler/xla/stream_executor/cuda/cuda_gpu_executor.cc:1013] successful NUMA node read from SysFS had negative value (-1), but there must be at least one NUMA node, so returning NUMA node zero. See more at https://github.com/torvalds/linux/blob/v6.0/Documentation/ABI/testing/sysfs-bus-pci#L344-L355
2024-03-04 05:17:15.322664: I tensorflow/compiler/xla/stream_executor/cuda/cuda_gpu_executor.cc:1013] successful NUMA node read from SysFS had negative value (-1), but there must be at least one NUMA node, so returning NUMA node zero. See more at https://github.com/torvalds/linux/blob/v6.0/Documentation/ABI/testing/sysfs-bus-pci#L344-L355
2024-03-04 05:17:15.329477: I tensorflow/compiler/xla/stream_executor/cuda/cuda_gpu_executor.cc:1013] successful NUMA node read from SysFS had negative value (-1), but there must be at least one NUMA node, so returning NUMA node zero. See more at https://github.com/torvalds/linux/blob/v6.0/Documentation/ABI/testing/sysfs-bus-pci#L344-L355
2024-03-04 05:17:15.329779: I tensorflow/compiler/xla/stream_executor/cuda/cuda_gpu_executor.cc:1013] successful NUMA node read from SysFS had negative value (-1), but there must be at least one NUMA node, so returning NUMA node zero. See more at https://github.com/torvalds/linux/blob/v6.0/Documentation/ABI/testing/sysfs-bus-pci#L344-L355
2024-03-04 05:17:15.330012: I tensorflow/compiler/xla/stream_executor/cuda/cuda_gpu_executor.cc:1013] successful NUMA node read from SysFS had negative value (-1), but there must be at least one NUMA node, so returning NUMA node zero. See more at https://github.com/torvalds/linux/blob/v6.0/Documentation/ABI/testing/sysfs-bus-pci#L344-L355
2024-03-04 05:17:15.399234: I tensorflow/compiler/xla/stream_executor/cuda/cuda_gpu_executor.cc:1013] successful NUMA node read from SysFS had negative value (-1), but there must be at least one NUMA node, so returning NUMA node zero. See more at https://github.com/torvalds/linux/blob/v6.0/Documentation/ABI/testing/sysfs-bus-pci#L344-L355
2024-03-04 05:17:15.399537: I tensorflow/compiler/xla/stream_executor/cuda/cuda_gpu_executor.cc:1013] successful NUMA node read from SysFS had negative value (-1), but there must be at least one NUMA node, so returning NUMA node zero. See more at https://github.com/torvalds/linux/blob/v6.0/Documentation/ABI/testing/sysfs-bus-pci#L344-L355
2024-03-04 05:17:15.399773: I tensorflow/compiler/xla/stream_executor/cuda/cuda_gpu_executor.cc:1013] successful NUMA node read from SysFS had negative value (-1), but there must be at least one NUMA node, so returning NUMA node zero. See more at https://github.com/torvalds/linux/blob/v6.0/Documentation/ABI/testing/sysfs-bus-pci#L344-L355
2024-03-04 05:17:15.399987: I tensorflow/core/common_runtime/gpu/gpu_device.cc:1638] Created device /job:localhost/replica:0/task:0/device:GPU:0 with 10135 MB memory:  -> device: 0, name: NVIDIA GeForce RTX 3060, pci bus id: 0000:01:00.0, compute capability: 8.6
Enter Class Name To Perturb Images: 2024-03-04 05:17:17.443327: I tensorflow/compiler/xla/stream_executor/cuda/cuda_dnn.cc:424] Loaded cuDNN version 8901
2024-03-04 05:17:18.173232: I tensorflow/compiler/xla/stream_executor/cuda/cuda_blas.cc:655] TensorFloat-32 will be used for the matrix multiplication. This will only be logged once.
Done!
Time taken in seconds:  636.5246629714966
Running with input: NGS
2024-03-04 05:27:53.484240: I tensorflow/core/platform/cpu_feature_guard.cc:183] This TensorFlow binary is optimized to use available CPU instructions in performance-critical operations.
To enable the following instructions: SSE3 SSE4.1 SSE4.2 AVX, in other operations, rebuild TensorFlow with the appropriate compiler flags.
2024-03-04 05:27:55.862095: I tensorflow/compiler/xla/stream_executor/cuda/cuda_gpu_executor.cc:1013] successful NUMA node read from SysFS had negative value (-1), but there must be at least one NUMA node, so returning NUMA node zero. See more at https://github.com/torvalds/linux/blob/v6.0/Documentation/ABI/testing/sysfs-bus-pci#L344-L355
2024-03-04 05:27:55.870270: I tensorflow/compiler/xla/stream_executor/cuda/cuda_gpu_executor.cc:1013] successful NUMA node read from SysFS had negative value (-1), but there must be at least one NUMA node, so returning NUMA node zero. See more at https://github.com/torvalds/linux/blob/v6.0/Documentation/ABI/testing/sysfs-bus-pci#L344-L355
2024-03-04 05:27:55.870569: I tensorflow/compiler/xla/stream_executor/cuda/cuda_gpu_executor.cc:1013] successful NUMA node read from SysFS had negative value (-1), but there must be at least one NUMA node, so returning NUMA node zero. See more at https://github.com/torvalds/linux/blob/v6.0/Documentation/ABI/testing/sysfs-bus-pci#L344-L355
2024-03-04 05:27:55.877387: I tensorflow/compiler/xla/stream_executor/cuda/cuda_gpu_executor.cc:1013] successful NUMA node read from SysFS had negative value (-1), but there must be at least one NUMA node, so returning NUMA node zero. See more at https://github.com/torvalds/linux/blob/v6.0/Documentation/ABI/testing/sysfs-bus-pci#L344-L355
2024-03-04 05:27:55.877699: I tensorflow/compiler/xla/stream_executor/cuda/cuda_gpu_executor.cc:1013] successful NUMA node read from SysFS had negative value (-1), but there must be at least one NUMA node, so returning NUMA node zero. See more at https://github.com/torvalds/linux/blob/v6.0/Documentation/ABI/testing/sysfs-bus-pci#L344-L355
2024-03-04 05:27:55.877916: I tensorflow/compiler/xla/stream_executor/cuda/cuda_gpu_executor.cc:1013] successful NUMA node read from SysFS had negative value (-1), but there must be at least one NUMA node, so returning NUMA node zero. See more at https://github.com/torvalds/linux/blob/v6.0/Documentation/ABI/testing/sysfs-bus-pci#L344-L355
2024-03-04 05:27:55.938157: I tensorflow/compiler/xla/stream_executor/cuda/cuda_gpu_executor.cc:1013] successful NUMA node read from SysFS had negative value (-1), but there must be at least one NUMA node, so returning NUMA node zero. See more at https://github.com/torvalds/linux/blob/v6.0/Documentation/ABI/testing/sysfs-bus-pci#L344-L355
2024-03-04 05:27:55.938427: I tensorflow/compiler/xla/stream_executor/cuda/cuda_gpu_executor.cc:1013] successful NUMA node read from SysFS had negative value (-1), but there must be at least one NUMA node, so returning NUMA node zero. See more at https://github.com/torvalds/linux/blob/v6.0/Documentation/ABI/testing/sysfs-bus-pci#L344-L355
2024-03-04 05:27:55.938684: I tensorflow/compiler/xla/stream_executor/cuda/cuda_gpu_executor.cc:1013] successful NUMA node read from SysFS had negative value (-1), but there must be at least one NUMA node, so returning NUMA node zero. See more at https://github.com/torvalds/linux/blob/v6.0/Documentation/ABI/testing/sysfs-bus-pci#L344-L355
2024-03-04 05:27:55.938860: I tensorflow/core/common_runtime/gpu/gpu_device.cc:1638] Created device /job:localhost/replica:0/task:0/device:GPU:0 with 10135 MB memory:  -> device: 0, name: NVIDIA GeForce RTX 3060, pci bus id: 0000:01:00.0, compute capability: 8.6
Enter Class Name To Perturb Images: 2024-03-04 05:27:57.979435: I tensorflow/compiler/xla/stream_executor/cuda/cuda_dnn.cc:424] Loaded cuDNN version 8901
2024-03-04 05:27:58.716926: I tensorflow/compiler/xla/stream_executor/cuda/cuda_blas.cc:655] TensorFloat-32 will be used for the matrix multiplication. This will only be logged once.
Done!
Time taken in seconds:  1872.2069540023804
Running with input: NIF
2024-03-04 05:59:09.719684: I tensorflow/core/platform/cpu_feature_guard.cc:183] This TensorFlow binary is optimized to use available CPU instructions in performance-critical operations.
To enable the following instructions: SSE3 SSE4.1 SSE4.2 AVX, in other operations, rebuild TensorFlow with the appropriate compiler flags.
2024-03-04 05:59:12.086561: I tensorflow/compiler/xla/stream_executor/cuda/cuda_gpu_executor.cc:1013] successful NUMA node read from SysFS had negative value (-1), but there must be at least one NUMA node, so returning NUMA node zero. See more at https://github.com/torvalds/linux/blob/v6.0/Documentation/ABI/testing/sysfs-bus-pci#L344-L355
2024-03-04 05:59:12.094787: I tensorflow/compiler/xla/stream_executor/cuda/cuda_gpu_executor.cc:1013] successful NUMA node read from SysFS had negative value (-1), but there must be at least one NUMA node, so returning NUMA node zero. See more at https://github.com/torvalds/linux/blob/v6.0/Documentation/ABI/testing/sysfs-bus-pci#L344-L355
2024-03-04 05:59:12.095094: I tensorflow/compiler/xla/stream_executor/cuda/cuda_gpu_executor.cc:1013] successful NUMA node read from SysFS had negative value (-1), but there must be at least one NUMA node, so returning NUMA node zero. See more at https://github.com/torvalds/linux/blob/v6.0/Documentation/ABI/testing/sysfs-bus-pci#L344-L355
2024-03-04 05:59:12.101949: I tensorflow/compiler/xla/stream_executor/cuda/cuda_gpu_executor.cc:1013] successful NUMA node read from SysFS had negative value (-1), but there must be at least one NUMA node, so returning NUMA node zero. See more at https://github.com/torvalds/linux/blob/v6.0/Documentation/ABI/testing/sysfs-bus-pci#L344-L355
2024-03-04 05:59:12.102251: I tensorflow/compiler/xla/stream_executor/cuda/cuda_gpu_executor.cc:1013] successful NUMA node read from SysFS had negative value (-1), but there must be at least one NUMA node, so returning NUMA node zero. See more at https://github.com/torvalds/linux/blob/v6.0/Documentation/ABI/testing/sysfs-bus-pci#L344-L355
2024-03-04 05:59:12.102467: I tensorflow/compiler/xla/stream_executor/cuda/cuda_gpu_executor.cc:1013] successful NUMA node read from SysFS had negative value (-1), but there must be at least one NUMA node, so returning NUMA node zero. See more at https://github.com/torvalds/linux/blob/v6.0/Documentation/ABI/testing/sysfs-bus-pci#L344-L355
2024-03-04 05:59:12.161347: I tensorflow/compiler/xla/stream_executor/cuda/cuda_gpu_executor.cc:1013] successful NUMA node read from SysFS had negative value (-1), but there must be at least one NUMA node, so returning NUMA node zero. See more at https://github.com/torvalds/linux/blob/v6.0/Documentation/ABI/testing/sysfs-bus-pci#L344-L355
2024-03-04 05:59:12.161665: I tensorflow/compiler/xla/stream_executor/cuda/cuda_gpu_executor.cc:1013] successful NUMA node read from SysFS had negative value (-1), but there must be at least one NUMA node, so returning NUMA node zero. See more at https://github.com/torvalds/linux/blob/v6.0/Documentation/ABI/testing/sysfs-bus-pci#L344-L355
2024-03-04 05:59:12.161910: I tensorflow/compiler/xla/stream_executor/cuda/cuda_gpu_executor.cc:1013] successful NUMA node read from SysFS had negative value (-1), but there must be at least one NUMA node, so returning NUMA node zero. See more at https://github.com/torvalds/linux/blob/v6.0/Documentation/ABI/testing/sysfs-bus-pci#L344-L355
2024-03-04 05:59:12.162088: I tensorflow/core/common_runtime/gpu/gpu_device.cc:1638] Created device /job:localhost/replica:0/task:0/device:GPU:0 with 10135 MB memory:  -> device: 0, name: NVIDIA GeForce RTX 3060, pci bus id: 0000:01:00.0, compute capability: 8.6
Enter Class Name To Perturb Images: 2024-03-04 05:59:14.197294: I tensorflow/compiler/xla/stream_executor/cuda/cuda_dnn.cc:424] Loaded cuDNN version 8901
2024-03-04 05:59:14.936422: I tensorflow/compiler/xla/stream_executor/cuda/cuda_blas.cc:655] TensorFloat-32 will be used for the matrix multiplication. This will only be logged once.
Done!
Time taken in seconds:  229.15232276916504
Running with input: OTH
2024-03-04 06:03:02.878228: I tensorflow/core/platform/cpu_feature_guard.cc:183] This TensorFlow binary is optimized to use available CPU instructions in performance-critical operations.
To enable the following instructions: SSE3 SSE4.1 SSE4.2 AVX, in other operations, rebuild TensorFlow with the appropriate compiler flags.
2024-03-04 06:03:05.250102: I tensorflow/compiler/xla/stream_executor/cuda/cuda_gpu_executor.cc:1013] successful NUMA node read from SysFS had negative value (-1), but there must be at least one NUMA node, so returning NUMA node zero. See more at https://github.com/torvalds/linux/blob/v6.0/Documentation/ABI/testing/sysfs-bus-pci#L344-L355
2024-03-04 06:03:05.258225: I tensorflow/compiler/xla/stream_executor/cuda/cuda_gpu_executor.cc:1013] successful NUMA node read from SysFS had negative value (-1), but there must be at least one NUMA node, so returning NUMA node zero. See more at https://github.com/torvalds/linux/blob/v6.0/Documentation/ABI/testing/sysfs-bus-pci#L344-L355
2024-03-04 06:03:05.258532: I tensorflow/compiler/xla/stream_executor/cuda/cuda_gpu_executor.cc:1013] successful NUMA node read from SysFS had negative value (-1), but there must be at least one NUMA node, so returning NUMA node zero. See more at https://github.com/torvalds/linux/blob/v6.0/Documentation/ABI/testing/sysfs-bus-pci#L344-L355
2024-03-04 06:03:05.265740: I tensorflow/compiler/xla/stream_executor/cuda/cuda_gpu_executor.cc:1013] successful NUMA node read from SysFS had negative value (-1), but there must be at least one NUMA node, so returning NUMA node zero. See more at https://github.com/torvalds/linux/blob/v6.0/Documentation/ABI/testing/sysfs-bus-pci#L344-L355
2024-03-04 06:03:05.266048: I tensorflow/compiler/xla/stream_executor/cuda/cuda_gpu_executor.cc:1013] successful NUMA node read from SysFS had negative value (-1), but there must be at least one NUMA node, so returning NUMA node zero. See more at https://github.com/torvalds/linux/blob/v6.0/Documentation/ABI/testing/sysfs-bus-pci#L344-L355
2024-03-04 06:03:05.266259: I tensorflow/compiler/xla/stream_executor/cuda/cuda_gpu_executor.cc:1013] successful NUMA node read from SysFS had negative value (-1), but there must be at least one NUMA node, so returning NUMA node zero. See more at https://github.com/torvalds/linux/blob/v6.0/Documentation/ABI/testing/sysfs-bus-pci#L344-L355
2024-03-04 06:03:05.326334: I tensorflow/compiler/xla/stream_executor/cuda/cuda_gpu_executor.cc:1013] successful NUMA node read from SysFS had negative value (-1), but there must be at least one NUMA node, so returning NUMA node zero. See more at https://github.com/torvalds/linux/blob/v6.0/Documentation/ABI/testing/sysfs-bus-pci#L344-L355
2024-03-04 06:03:05.326644: I tensorflow/compiler/xla/stream_executor/cuda/cuda_gpu_executor.cc:1013] successful NUMA node read from SysFS had negative value (-1), but there must be at least one NUMA node, so returning NUMA node zero. See more at https://github.com/torvalds/linux/blob/v6.0/Documentation/ABI/testing/sysfs-bus-pci#L344-L355
2024-03-04 06:03:05.326840: I tensorflow/compiler/xla/stream_executor/cuda/cuda_gpu_executor.cc:1013] successful NUMA node read from SysFS had negative value (-1), but there must be at least one NUMA node, so returning NUMA node zero. See more at https://github.com/torvalds/linux/blob/v6.0/Documentation/ABI/testing/sysfs-bus-pci#L344-L355
2024-03-04 06:03:05.327074: I tensorflow/core/common_runtime/gpu/gpu_device.cc:1638] Created device /job:localhost/replica:0/task:0/device:GPU:0 with 10135 MB memory:  -> device: 0, name: NVIDIA GeForce RTX 3060, pci bus id: 0000:01:00.0, compute capability: 8.6
Enter Class Name To Perturb Images: 2024-03-04 06:03:07.393486: I tensorflow/compiler/xla/stream_executor/cuda/cuda_dnn.cc:424] Loaded cuDNN version 8901
2024-03-04 06:03:08.121418: I tensorflow/compiler/xla/stream_executor/cuda/cuda_blas.cc:655] TensorFloat-32 will be used for the matrix multiplication. This will only be logged once.
Done!
Time taken in seconds:  23.27268385887146
Running with input: PEB
2024-03-04 06:03:30.148754: I tensorflow/core/platform/cpu_feature_guard.cc:183] This TensorFlow binary is optimized to use available CPU instructions in performance-critical operations.
To enable the following instructions: SSE3 SSE4.1 SSE4.2 AVX, in other operations, rebuild TensorFlow with the appropriate compiler flags.
2024-03-04 06:03:32.514331: I tensorflow/compiler/xla/stream_executor/cuda/cuda_gpu_executor.cc:1013] successful NUMA node read from SysFS had negative value (-1), but there must be at least one NUMA node, so returning NUMA node zero. See more at https://github.com/torvalds/linux/blob/v6.0/Documentation/ABI/testing/sysfs-bus-pci#L344-L355
2024-03-04 06:03:32.522434: I tensorflow/compiler/xla/stream_executor/cuda/cuda_gpu_executor.cc:1013] successful NUMA node read from SysFS had negative value (-1), but there must be at least one NUMA node, so returning NUMA node zero. See more at https://github.com/torvalds/linux/blob/v6.0/Documentation/ABI/testing/sysfs-bus-pci#L344-L355
2024-03-04 06:03:32.522734: I tensorflow/compiler/xla/stream_executor/cuda/cuda_gpu_executor.cc:1013] successful NUMA node read from SysFS had negative value (-1), but there must be at least one NUMA node, so returning NUMA node zero. See more at https://github.com/torvalds/linux/blob/v6.0/Documentation/ABI/testing/sysfs-bus-pci#L344-L355
2024-03-04 06:03:32.529480: I tensorflow/compiler/xla/stream_executor/cuda/cuda_gpu_executor.cc:1013] successful NUMA node read from SysFS had negative value (-1), but there must be at least one NUMA node, so returning NUMA node zero. See more at https://github.com/torvalds/linux/blob/v6.0/Documentation/ABI/testing/sysfs-bus-pci#L344-L355
2024-03-04 06:03:32.529799: I tensorflow/compiler/xla/stream_executor/cuda/cuda_gpu_executor.cc:1013] successful NUMA node read from SysFS had negative value (-1), but there must be at least one NUMA node, so returning NUMA node zero. See more at https://github.com/torvalds/linux/blob/v6.0/Documentation/ABI/testing/sysfs-bus-pci#L344-L355
2024-03-04 06:03:32.530018: I tensorflow/compiler/xla/stream_executor/cuda/cuda_gpu_executor.cc:1013] successful NUMA node read from SysFS had negative value (-1), but there must be at least one NUMA node, so returning NUMA node zero. See more at https://github.com/torvalds/linux/blob/v6.0/Documentation/ABI/testing/sysfs-bus-pci#L344-L355
2024-03-04 06:03:32.597940: I tensorflow/compiler/xla/stream_executor/cuda/cuda_gpu_executor.cc:1013] successful NUMA node read from SysFS had negative value (-1), but there must be at least one NUMA node, so returning NUMA node zero. See more at https://github.com/torvalds/linux/blob/v6.0/Documentation/ABI/testing/sysfs-bus-pci#L344-L355
2024-03-04 06:03:32.598240: I tensorflow/compiler/xla/stream_executor/cuda/cuda_gpu_executor.cc:1013] successful NUMA node read from SysFS had negative value (-1), but there must be at least one NUMA node, so returning NUMA node zero. See more at https://github.com/torvalds/linux/blob/v6.0/Documentation/ABI/testing/sysfs-bus-pci#L344-L355
2024-03-04 06:03:32.598461: I tensorflow/compiler/xla/stream_executor/cuda/cuda_gpu_executor.cc:1013] successful NUMA node read from SysFS had negative value (-1), but there must be at least one NUMA node, so returning NUMA node zero. See more at https://github.com/torvalds/linux/blob/v6.0/Documentation/ABI/testing/sysfs-bus-pci#L344-L355
2024-03-04 06:03:32.598663: I tensorflow/core/common_runtime/gpu/gpu_device.cc:1638] Created device /job:localhost/replica:0/task:0/device:GPU:0 with 10135 MB memory:  -> device: 0, name: NVIDIA GeForce RTX 3060, pci bus id: 0000:01:00.0, compute capability: 8.6
Enter Class Name To Perturb Images: 2024-03-04 06:03:34.641267: I tensorflow/compiler/xla/stream_executor/cuda/cuda_dnn.cc:424] Loaded cuDNN version 8901
2024-03-04 06:03:35.370249: I tensorflow/compiler/xla/stream_executor/cuda/cuda_blas.cc:655] TensorFloat-32 will be used for the matrix multiplication. This will only be logged once.
Done!
Time taken in seconds:  177.43382120132446
Running with input: PLM
2024-03-04 06:06:31.585820: I tensorflow/core/platform/cpu_feature_guard.cc:183] This TensorFlow binary is optimized to use available CPU instructions in performance-critical operations.
To enable the following instructions: SSE3 SSE4.1 SSE4.2 AVX, in other operations, rebuild TensorFlow with the appropriate compiler flags.
2024-03-04 06:06:33.950616: I tensorflow/compiler/xla/stream_executor/cuda/cuda_gpu_executor.cc:1013] successful NUMA node read from SysFS had negative value (-1), but there must be at least one NUMA node, so returning NUMA node zero. See more at https://github.com/torvalds/linux/blob/v6.0/Documentation/ABI/testing/sysfs-bus-pci#L344-L355
2024-03-04 06:06:33.958628: I tensorflow/compiler/xla/stream_executor/cuda/cuda_gpu_executor.cc:1013] successful NUMA node read from SysFS had negative value (-1), but there must be at least one NUMA node, so returning NUMA node zero. See more at https://github.com/torvalds/linux/blob/v6.0/Documentation/ABI/testing/sysfs-bus-pci#L344-L355
2024-03-04 06:06:33.958922: I tensorflow/compiler/xla/stream_executor/cuda/cuda_gpu_executor.cc:1013] successful NUMA node read from SysFS had negative value (-1), but there must be at least one NUMA node, so returning NUMA node zero. See more at https://github.com/torvalds/linux/blob/v6.0/Documentation/ABI/testing/sysfs-bus-pci#L344-L355
2024-03-04 06:06:33.965684: I tensorflow/compiler/xla/stream_executor/cuda/cuda_gpu_executor.cc:1013] successful NUMA node read from SysFS had negative value (-1), but there must be at least one NUMA node, so returning NUMA node zero. See more at https://github.com/torvalds/linux/blob/v6.0/Documentation/ABI/testing/sysfs-bus-pci#L344-L355
2024-03-04 06:06:33.965984: I tensorflow/compiler/xla/stream_executor/cuda/cuda_gpu_executor.cc:1013] successful NUMA node read from SysFS had negative value (-1), but there must be at least one NUMA node, so returning NUMA node zero. See more at https://github.com/torvalds/linux/blob/v6.0/Documentation/ABI/testing/sysfs-bus-pci#L344-L355
2024-03-04 06:06:33.966205: I tensorflow/compiler/xla/stream_executor/cuda/cuda_gpu_executor.cc:1013] successful NUMA node read from SysFS had negative value (-1), but there must be at least one NUMA node, so returning NUMA node zero. See more at https://github.com/torvalds/linux/blob/v6.0/Documentation/ABI/testing/sysfs-bus-pci#L344-L355
2024-03-04 06:06:34.033529: I tensorflow/compiler/xla/stream_executor/cuda/cuda_gpu_executor.cc:1013] successful NUMA node read from SysFS had negative value (-1), but there must be at least one NUMA node, so returning NUMA node zero. See more at https://github.com/torvalds/linux/blob/v6.0/Documentation/ABI/testing/sysfs-bus-pci#L344-L355
2024-03-04 06:06:34.033817: I tensorflow/compiler/xla/stream_executor/cuda/cuda_gpu_executor.cc:1013] successful NUMA node read from SysFS had negative value (-1), but there must be at least one NUMA node, so returning NUMA node zero. See more at https://github.com/torvalds/linux/blob/v6.0/Documentation/ABI/testing/sysfs-bus-pci#L344-L355
2024-03-04 06:06:34.034038: I tensorflow/compiler/xla/stream_executor/cuda/cuda_gpu_executor.cc:1013] successful NUMA node read from SysFS had negative value (-1), but there must be at least one NUMA node, so returning NUMA node zero. See more at https://github.com/torvalds/linux/blob/v6.0/Documentation/ABI/testing/sysfs-bus-pci#L344-L355
2024-03-04 06:06:34.034238: I tensorflow/core/common_runtime/gpu/gpu_device.cc:1638] Created device /job:localhost/replica:0/task:0/device:GPU:0 with 10135 MB memory:  -> device: 0, name: NVIDIA GeForce RTX 3060, pci bus id: 0000:01:00.0, compute capability: 8.6
Enter Class Name To Perturb Images: 2024-03-04 06:06:36.101508: I tensorflow/compiler/xla/stream_executor/cuda/cuda_dnn.cc:424] Loaded cuDNN version 8901
2024-03-04 06:06:36.833496: I tensorflow/compiler/xla/stream_executor/cuda/cuda_blas.cc:655] TensorFloat-32 will be used for the matrix multiplication. This will only be logged once.
Done!
Time taken in seconds:  489.36320400238037
Running with input: PMO
2024-03-04 06:14:44.951847: I tensorflow/core/platform/cpu_feature_guard.cc:183] This TensorFlow binary is optimized to use available CPU instructions in performance-critical operations.
To enable the following instructions: SSE3 SSE4.1 SSE4.2 AVX, in other operations, rebuild TensorFlow with the appropriate compiler flags.
2024-03-04 06:14:47.313318: I tensorflow/compiler/xla/stream_executor/cuda/cuda_gpu_executor.cc:1013] successful NUMA node read from SysFS had negative value (-1), but there must be at least one NUMA node, so returning NUMA node zero. See more at https://github.com/torvalds/linux/blob/v6.0/Documentation/ABI/testing/sysfs-bus-pci#L344-L355
2024-03-04 06:14:47.321608: I tensorflow/compiler/xla/stream_executor/cuda/cuda_gpu_executor.cc:1013] successful NUMA node read from SysFS had negative value (-1), but there must be at least one NUMA node, so returning NUMA node zero. See more at https://github.com/torvalds/linux/blob/v6.0/Documentation/ABI/testing/sysfs-bus-pci#L344-L355
2024-03-04 06:14:47.321919: I tensorflow/compiler/xla/stream_executor/cuda/cuda_gpu_executor.cc:1013] successful NUMA node read from SysFS had negative value (-1), but there must be at least one NUMA node, so returning NUMA node zero. See more at https://github.com/torvalds/linux/blob/v6.0/Documentation/ABI/testing/sysfs-bus-pci#L344-L355
2024-03-04 06:14:47.328715: I tensorflow/compiler/xla/stream_executor/cuda/cuda_gpu_executor.cc:1013] successful NUMA node read from SysFS had negative value (-1), but there must be at least one NUMA node, so returning NUMA node zero. See more at https://github.com/torvalds/linux/blob/v6.0/Documentation/ABI/testing/sysfs-bus-pci#L344-L355
2024-03-04 06:14:47.329051: I tensorflow/compiler/xla/stream_executor/cuda/cuda_gpu_executor.cc:1013] successful NUMA node read from SysFS had negative value (-1), but there must be at least one NUMA node, so returning NUMA node zero. See more at https://github.com/torvalds/linux/blob/v6.0/Documentation/ABI/testing/sysfs-bus-pci#L344-L355
2024-03-04 06:14:47.329257: I tensorflow/compiler/xla/stream_executor/cuda/cuda_gpu_executor.cc:1013] successful NUMA node read from SysFS had negative value (-1), but there must be at least one NUMA node, so returning NUMA node zero. See more at https://github.com/torvalds/linux/blob/v6.0/Documentation/ABI/testing/sysfs-bus-pci#L344-L355
2024-03-04 06:14:47.391926: I tensorflow/compiler/xla/stream_executor/cuda/cuda_gpu_executor.cc:1013] successful NUMA node read from SysFS had negative value (-1), but there must be at least one NUMA node, so returning NUMA node zero. See more at https://github.com/torvalds/linux/blob/v6.0/Documentation/ABI/testing/sysfs-bus-pci#L344-L355
2024-03-04 06:14:47.392199: I tensorflow/compiler/xla/stream_executor/cuda/cuda_gpu_executor.cc:1013] successful NUMA node read from SysFS had negative value (-1), but there must be at least one NUMA node, so returning NUMA node zero. See more at https://github.com/torvalds/linux/blob/v6.0/Documentation/ABI/testing/sysfs-bus-pci#L344-L355
2024-03-04 06:14:47.392448: I tensorflow/compiler/xla/stream_executor/cuda/cuda_gpu_executor.cc:1013] successful NUMA node read from SysFS had negative value (-1), but there must be at least one NUMA node, so returning NUMA node zero. See more at https://github.com/torvalds/linux/blob/v6.0/Documentation/ABI/testing/sysfs-bus-pci#L344-L355
2024-03-04 06:14:47.392639: I tensorflow/core/common_runtime/gpu/gpu_device.cc:1638] Created device /job:localhost/replica:0/task:0/device:GPU:0 with 10135 MB memory:  -> device: 0, name: NVIDIA GeForce RTX 3060, pci bus id: 0000:01:00.0, compute capability: 8.6
Enter Class Name To Perturb Images: 2024-03-04 06:14:49.455171: I tensorflow/compiler/xla/stream_executor/cuda/cuda_dnn.cc:424] Loaded cuDNN version 8901
2024-03-04 06:14:50.187794: I tensorflow/compiler/xla/stream_executor/cuda/cuda_blas.cc:655] TensorFloat-32 will be used for the matrix multiplication. This will only be logged once.
Done!
Time taken in seconds:  768.141928434372
